{"A:\\Surprise Gifting Platform\\Surprise Gifting Platform\\client\\src\\App.js": {"path":"A:\\Surprise Gifting Platform\\Surprise Gifting Platform\\client\\src\\App.js","statementMap":{"0":{"start":{"line":28,"column":23},"end":{"line":36,"column":1}},"1":{"start":{"line":29,"column":28},"end":{"line":29,"column":37}},"2":{"start":{"line":31,"column":2},"end":{"line":33,"column":3}},"3":{"start":{"line":32,"column":4},"end":{"line":32,"column":30}},"4":{"start":{"line":35,"column":2},"end":{"line":35,"column":60}},"5":{"start":{"line":39,"column":2},"end":{"line":127,"column":4}}},"fnMap":{"0":{"name":"(anonymous_0)","decl":{"start":{"line":28,"column":23},"end":{"line":28,"column":24}},"loc":{"start":{"line":28,"column":41},"end":{"line":36,"column":1}},"line":28},"1":{"name":"App","decl":{"start":{"line":38,"column":9},"end":{"line":38,"column":12}},"loc":{"start":{"line":38,"column":15},"end":{"line":128,"column":1}},"line":38}},"branchMap":{"0":{"loc":{"start":{"line":31,"column":2},"end":{"line":33,"column":3}},"type":"if","locations":[{"start":{"line":31,"column":2},"end":{"line":33,"column":3}},{"start":{},"end":{}}],"line":31},"1":{"loc":{"start":{"line":35,"column":9},"end":{"line":35,"column":59}},"type":"cond-expr","locations":[{"start":{"line":35,"column":16},"end":{"line":35,"column":24}},{"start":{"line":35,"column":27},"end":{"line":35,"column":59}}],"line":35}},"s":{"0":0,"1":0,"2":0,"3":0,"4":0,"5":0},"f":{"0":0,"1":0},"b":{"0":[0,0],"1":[0,0]}}
,"A:\\Surprise Gifting Platform\\Surprise Gifting Platform\\client\\src\\index.js": {"path":"A:\\Surprise Gifting Platform\\Surprise Gifting Platform\\client\\src\\index.js","statementMap":{"0":{"start":{"line":13,"column":13},"end":{"line":13,"column":65}},"1":{"start":{"line":14,"column":0},"end":{"line":18,"column":2}}},"fnMap":{},"branchMap":{},"s":{"0":0,"1":0},"f":{},"b":{}}
,"A:\\Surprise Gifting Platform\\Surprise Gifting Platform\\client\\src\\templateRegistry.js": {"path":"A:\\Surprise Gifting Platform\\Surprise Gifting Platform\\client\\src\\templateRegistry.js","statementMap":{},"fnMap":{},"branchMap":{},"s":{},"f":{},"b":{}}
,"A:\\Surprise Gifting Platform\\Surprise Gifting Platform\\client\\src\\components\\custom\\MyConfettiScene.js": {"path":"A:\\Surprise Gifting Platform\\Surprise Gifting Platform\\client\\src\\components\\custom\\MyConfettiScene.js","statementMap":{"0":{"start":{"line":3,"column":24},"end":{"line":17,"column":1}},"1":{"start":{"line":4,"column":2},"end":{"line":16,"column":8}}},"fnMap":{"0":{"name":"(anonymous_0)","decl":{"start":{"line":3,"column":24},"end":{"line":3,"column":25}},"loc":{"start":{"line":4,"column":2},"end":{"line":16,"column":8}},"line":4}},"branchMap":{"0":{"loc":{"start":{"line":7,"column":5},"end":{"line":14,"column":5}},"type":"binary-expr","locations":[{"start":{"line":7,"column":5},"end":{"line":7,"column":16}},{"start":{"line":8,"column":6},"end":{"line":13,"column":15}}],"line":7},"1":{"loc":{"start":{"line":15,"column":5},"end":{"line":15,"column":115}},"type":"binary-expr","locations":[{"start":{"line":15,"column":5},"end":{"line":15,"column":15}},{"start":{"line":15,"column":19},"end":{"line":15,"column":115}}],"line":15}},"s":{"0":0,"1":0},"f":{"0":0},"b":{"0":[0,0],"1":[0,0]}}
,"A:\\Surprise Gifting Platform\\Surprise Gifting Platform\\client\\src\\components\\custom\\registerAction.js": {"path":"A:\\Surprise Gifting Platform\\Surprise Gifting Platform\\client\\src\\components\\custom\\registerAction.js","statementMap":{},"fnMap":{},"branchMap":{},"s":{},"f":{},"b":{}}
,"A:\\Surprise Gifting Platform\\Surprise Gifting Platform\\client\\src\\components\\custom\\registerEffect.js": {"path":"A:\\Surprise Gifting Platform\\Surprise Gifting Platform\\client\\src\\components\\custom\\registerEffect.js","statementMap":{},"fnMap":{},"branchMap":{},"s":{},"f":{},"b":{}}
,"A:\\Surprise Gifting Platform\\Surprise Gifting Platform\\client\\src\\components\\custom\\registerScene.js": {"path":"A:\\Surprise Gifting Platform\\Surprise Gifting Platform\\client\\src\\components\\custom\\registerScene.js","statementMap":{},"fnMap":{},"branchMap":{},"s":{},"f":{},"b":{}}
,"A:\\Surprise Gifting Platform\\Surprise Gifting Platform\\client\\src\\components\\layout\\Footer.js": {"path":"A:\\Surprise Gifting Platform\\Surprise Gifting Platform\\client\\src\\components\\layout\\Footer.js","statementMap":{"0":{"start":{"line":4,"column":15},"end":{"line":113,"column":1}},"1":{"start":{"line":5,"column":2},"end":{"line":112,"column":4}}},"fnMap":{"0":{"name":"(anonymous_0)","decl":{"start":{"line":4,"column":15},"end":{"line":4,"column":16}},"loc":{"start":{"line":4,"column":21},"end":{"line":113,"column":1}},"line":4}},"branchMap":{},"s":{"0":1,"1":4},"f":{"0":4},"b":{},"_coverageSchema":"1a1c01bbd47fc00a2c39e90264f33305004495a9","hash":"1b8b542a713795267bdf93f6b794c80668bcfd0c"}
,"A:\\Surprise Gifting Platform\\Surprise Gifting Platform\\client\\src\\components\\layout\\Navbar.js": {"path":"A:\\Surprise Gifting Platform\\Surprise Gifting Platform\\client\\src\\components\\layout\\Navbar.js","statementMap":{"0":{"start":{"line":5,"column":15},"end":{"line":82,"column":1}},"1":{"start":{"line":6,"column":44},"end":{"line":6,"column":53}},"2":{"start":{"line":7,"column":19},"end":{"line":7,"column":32}},"3":{"start":{"line":9,"column":23},"end":{"line":12,"column":3}},"4":{"start":{"line":10,"column":4},"end":{"line":10,"column":13}},"5":{"start":{"line":11,"column":4},"end":{"line":11,"column":18}},"6":{"start":{"line":14,"column":2},"end":{"line":81,"column":4}}},"fnMap":{"0":{"name":"(anonymous_0)","decl":{"start":{"line":5,"column":15},"end":{"line":5,"column":16}},"loc":{"start":{"line":5,"column":21},"end":{"line":82,"column":1}},"line":5},"1":{"name":"(anonymous_1)","decl":{"start":{"line":9,"column":23},"end":{"line":9,"column":24}},"loc":{"start":{"line":9,"column":29},"end":{"line":12,"column":3}},"line":9}},"branchMap":{"0":{"loc":{"start":{"line":32,"column":13},"end":{"line":41,"column":13}},"type":"binary-expr","locations":[{"start":{"line":32,"column":13},"end":{"line":32,"column":28}},{"start":{"line":33,"column":14},"end":{"line":40,"column":17}}],"line":32},"1":{"loc":{"start":{"line":46,"column":13},"end":{"line":76,"column":13}},"type":"cond-expr","locations":[{"start":{"line":47,"column":14},"end":{"line":60,"column":20}},{"start":{"line":62,"column":14},"end":{"line":75,"column":20}}],"line":46}},"s":{"0":1,"1":8,"2":8,"3":8,"4":0,"5":0,"6":8},"f":{"0":8,"1":0},"b":{"0":[8,0],"1":[0,8]},"_coverageSchema":"1a1c01bbd47fc00a2c39e90264f33305004495a9","hash":"8a07f49e86b847a5dcd30b1e52e66523ee356af9"}
,"A:\\Surprise Gifting Platform\\Surprise Gifting Platform\\client\\src\\components\\templates\\InteractiveTemplate.js": {"path":"A:\\Surprise Gifting Platform\\Surprise Gifting Platform\\client\\src\\components\\templates\\InteractiveTemplate.js","statementMap":{"0":{"start":{"line":6,"column":22},"end":{"line":6,"column":24}},"1":{"start":{"line":7,"column":23},"end":{"line":7,"column":25}},"2":{"start":{"line":11,"column":2},"end":{"line":11,"column":34}},"3":{"start":{"line":15,"column":2},"end":{"line":15,"column":35}},"4":{"start":{"line":19,"column":20},"end":{"line":116,"column":2}},"5":{"start":{"line":20,"column":38},"end":{"line":20,"column":53}},"6":{"start":{"line":21,"column":19},"end":{"line":21,"column":31}},"7":{"start":{"line":24,"column":2},"end":{"line":30,"column":19}},"8":{"start":{"line":25,"column":4},"end":{"line":29,"column":5}},"9":{"start":{"line":26,"column":6},"end":{"line":26,"column":53}},"10":{"start":{"line":27,"column":6},"end":{"line":27,"column":39}},"11":{"start":{"line":28,"column":6},"end":{"line":28,"column":46}},"12":{"start":{"line":33,"column":2},"end":{"line":41,"column":71}},"13":{"start":{"line":34,"column":4},"end":{"line":40,"column":5}},"14":{"start":{"line":35,"column":20},"end":{"line":38,"column":23}},"15":{"start":{"line":36,"column":8},"end":{"line":36,"column":28}},"16":{"start":{"line":37,"column":8},"end":{"line":37,"column":64}},"17":{"start":{"line":39,"column":6},"end":{"line":39,"column":39}},"18":{"start":{"line":39,"column":19},"end":{"line":39,"column":38}},"19":{"start":{"line":44,"column":25},"end":{"line":49,"column":42}},"20":{"start":{"line":45,"column":4},"end":{"line":48,"column":5}},"21":{"start":{"line":46,"column":6},"end":{"line":46,"column":26}},"22":{"start":{"line":47,"column":6},"end":{"line":47,"column":65}},"23":{"start":{"line":52,"column":24},"end":{"line":65,"column":20}},"24":{"start":{"line":53,"column":4},"end":{"line":53,"column":35}},"25":{"start":{"line":53,"column":23},"end":{"line":53,"column":35}},"26":{"start":{"line":54,"column":4},"end":{"line":64,"column":6}},"27":{"start":{"line":58,"column":14},"end":{"line":60,"column":20}},"28":{"start":{"line":68,"column":24},"end":{"line":82,"column":20}},"29":{"start":{"line":69,"column":4},"end":{"line":69,"column":35}},"30":{"start":{"line":69,"column":23},"end":{"line":69,"column":35}},"31":{"start":{"line":70,"column":4},"end":{"line":81,"column":6}},"32":{"start":{"line":73,"column":34},"end":{"line":73,"column":56}},"33":{"start":{"line":74,"column":10},"end":{"line":78,"column":12}},"34":{"start":{"line":85,"column":25},"end":{"line":85,"column":64}},"35":{"start":{"line":87,"column":2},"end":{"line":115,"column":4}},"36":{"start":{"line":118,"column":28},"end":{"line":171,"column":1}},"37":{"start":{"line":119,"column":40},"end":{"line":119,"column":51}},"38":{"start":{"line":120,"column":16},"end":{"line":120,"column":72}},"39":{"start":{"line":120,"column":30},"end":{"line":120,"column":59}},"40":{"start":{"line":122,"column":32},"end":{"line":127,"column":45}},"41":{"start":{"line":123,"column":4},"end":{"line":123,"column":74}},"42":{"start":{"line":123,"column":30},"end":{"line":123,"column":71}},"43":{"start":{"line":124,"column":4},"end":{"line":126,"column":5}},"44":{"start":{"line":125,"column":6},"end":{"line":125,"column":19}},"45":{"start":{"line":129,"column":2},"end":{"line":129,"column":67}},"46":{"start":{"line":129,"column":21},"end":{"line":129,"column":67}},"47":{"start":{"line":131,"column":2},"end":{"line":170,"column":4}}},"fnMap":{"0":{"name":"registerScene","decl":{"start":{"line":10,"column":16},"end":{"line":10,"column":29}},"loc":{"start":{"line":10,"column":47},"end":{"line":12,"column":1}},"line":10},"1":{"name":"registerEffect","decl":{"start":{"line":14,"column":16},"end":{"line":14,"column":30}},"loc":{"start":{"line":14,"column":48},"end":{"line":16,"column":1}},"line":14},"2":{"name":"DynamicStep","decl":{"start":{"line":19,"column":40},"end":{"line":19,"column":51}},"loc":{"start":{"line":19,"column":77},"end":{"line":116,"column":1}},"line":19},"3":{"name":"(anonymous_3)","decl":{"start":{"line":24,"column":18},"end":{"line":24,"column":19}},"loc":{"start":{"line":24,"column":24},"end":{"line":30,"column":3}},"line":24},"4":{"name":"(anonymous_4)","decl":{"start":{"line":28,"column":36},"end":{"line":28,"column":37}},"loc":{"start":{"line":28,"column":42},"end":{"line":28,"column":44}},"line":28},"5":{"name":"(anonymous_5)","decl":{"start":{"line":33,"column":18},"end":{"line":33,"column":19}},"loc":{"start":{"line":33,"column":24},"end":{"line":41,"column":3}},"line":33},"6":{"name":"(anonymous_6)","decl":{"start":{"line":35,"column":31},"end":{"line":35,"column":32}},"loc":{"start":{"line":35,"column":37},"end":{"line":38,"column":7}},"line":35},"7":{"name":"(anonymous_7)","decl":{"start":{"line":39,"column":13},"end":{"line":39,"column":14}},"loc":{"start":{"line":39,"column":19},"end":{"line":39,"column":38}},"line":39},"8":{"name":"(anonymous_8)","decl":{"start":{"line":44,"column":37},"end":{"line":44,"column":38}},"loc":{"start":{"line":44,"column":43},"end":{"line":49,"column":3}},"line":44},"9":{"name":"(anonymous_9)","decl":{"start":{"line":52,"column":32},"end":{"line":52,"column":33}},"loc":{"start":{"line":52,"column":38},"end":{"line":65,"column":3}},"line":52},"10":{"name":"(anonymous_10)","decl":{"start":{"line":57,"column":29},"end":{"line":57,"column":30}},"loc":{"start":{"line":58,"column":14},"end":{"line":60,"column":20}},"line":58},"11":{"name":"(anonymous_11)","decl":{"start":{"line":68,"column":32},"end":{"line":68,"column":33}},"loc":{"start":{"line":68,"column":38},"end":{"line":82,"column":3}},"line":68},"12":{"name":"(anonymous_12)","decl":{"start":{"line":72,"column":26},"end":{"line":72,"column":27}},"loc":{"start":{"line":72,"column":43},"end":{"line":79,"column":9}},"line":72},"13":{"name":"(anonymous_13)","decl":{"start":{"line":118,"column":28},"end":{"line":118,"column":29}},"loc":{"start":{"line":118,"column":68},"end":{"line":171,"column":1}},"line":118},"14":{"name":"(anonymous_14)","decl":{"start":{"line":120,"column":24},"end":{"line":120,"column":25}},"loc":{"start":{"line":120,"column":30},"end":{"line":120,"column":59}},"line":120},"15":{"name":"(anonymous_15)","decl":{"start":{"line":122,"column":44},"end":{"line":122,"column":45}},"loc":{"start":{"line":122,"column":62},"end":{"line":127,"column":3}},"line":122},"16":{"name":"(anonymous_16)","decl":{"start":{"line":123,"column":19},"end":{"line":123,"column":20}},"loc":{"start":{"line":123,"column":30},"end":{"line":123,"column":71}},"line":123}},"branchMap":{"0":{"loc":{"start":{"line":25,"column":4},"end":{"line":29,"column":5}},"type":"if","locations":[{"start":{"line":25,"column":4},"end":{"line":29,"column":5}},{"start":{},"end":{}}],"line":25},"1":{"loc":{"start":{"line":25,"column":8},"end":{"line":25,"column":38}},"type":"binary-expr","locations":[{"start":{"line":25,"column":8},"end":{"line":25,"column":18}},{"start":{"line":25,"column":22},"end":{"line":25,"column":38}}],"line":25},"2":{"loc":{"start":{"line":34,"column":4},"end":{"line":40,"column":5}},"type":"if","locations":[{"start":{"line":34,"column":4},"end":{"line":40,"column":5}},{"start":{},"end":{}}],"line":34},"3":{"loc":{"start":{"line":34,"column":8},"end":{"line":34,"column":62}},"type":"binary-expr","locations":[{"start":{"line":34,"column":8},"end":{"line":34,"column":30}},{"start":{"line":34,"column":34},"end":{"line":34,"column":47}},{"start":{"line":34,"column":51},"end":{"line":34,"column":62}}],"line":34},"4":{"loc":{"start":{"line":37,"column":8},"end":{"line":37,"column":63}},"type":"binary-expr","locations":[{"start":{"line":37,"column":8},"end":{"line":37,"column":21}},{"start":{"line":37,"column":25},"end":{"line":37,"column":63}}],"line":37},"5":{"loc":{"start":{"line":45,"column":4},"end":{"line":48,"column":5}},"type":"if","locations":[{"start":{"line":45,"column":4},"end":{"line":48,"column":5}},{"start":{},"end":{}}],"line":45},"6":{"loc":{"start":{"line":47,"column":6},"end":{"line":47,"column":64}},"type":"binary-expr","locations":[{"start":{"line":47,"column":6},"end":{"line":47,"column":19}},{"start":{"line":47,"column":23},"end":{"line":47,"column":64}}],"line":47},"7":{"loc":{"start":{"line":53,"column":4},"end":{"line":53,"column":35}},"type":"if","locations":[{"start":{"line":53,"column":4},"end":{"line":53,"column":35}},{"start":{},"end":{}}],"line":53},"8":{"loc":{"start":{"line":56,"column":9},"end":{"line":62,"column":126}},"type":"cond-expr","locations":[{"start":{"line":57,"column":12},"end":{"line":61,"column":14}},{"start":{"line":62,"column":12},"end":{"line":62,"column":126}}],"line":56},"9":{"loc":{"start":{"line":59,"column":17},"end":{"line":59,"column":77}},"type":"cond-expr","locations":[{"start":{"line":59,"column":46},"end":{"line":59,"column":52}},{"start":{"line":59,"column":55},"end":{"line":59,"column":77}}],"line":59},"10":{"loc":{"start":{"line":69,"column":4},"end":{"line":69,"column":35}},"type":"if","locations":[{"start":{"line":69,"column":4},"end":{"line":69,"column":35}},{"start":{},"end":{}}],"line":69},"11":{"loc":{"start":{"line":74,"column":17},"end":{"line":78,"column":11}},"type":"cond-expr","locations":[{"start":{"line":74,"column":35},"end":{"line":74,"column":64}},{"start":{"line":75,"column":12},"end":{"line":77,"column":19}}],"line":74},"12":{"loc":{"start":{"line":85,"column":25},"end":{"line":85,"column":64}},"type":"binary-expr","locations":[{"start":{"line":85,"column":25},"end":{"line":85,"column":35}},{"start":{"line":85,"column":39},"end":{"line":85,"column":64}}],"line":85},"13":{"loc":{"start":{"line":96,"column":65},"end":{"line":96,"column":86}},"type":"binary-expr","locations":[{"start":{"line":96,"column":65},"end":{"line":96,"column":75}},{"start":{"line":96,"column":79},"end":{"line":96,"column":86}}],"line":96},"14":{"loc":{"start":{"line":97,"column":53},"end":{"line":97,"column":91}},"type":"binary-expr","locations":[{"start":{"line":97,"column":53},"end":{"line":97,"column":64}},{"start":{"line":97,"column":68},"end":{"line":97,"column":79}},{"start":{"line":97,"column":83},"end":{"line":97,"column":91}}],"line":97},"15":{"loc":{"start":{"line":98,"column":9},"end":{"line":98,"column":89}},"type":"binary-expr","locations":[{"start":{"line":98,"column":9},"end":{"line":98,"column":21}},{"start":{"line":98,"column":25},"end":{"line":98,"column":89}}],"line":98},"16":{"loc":{"start":{"line":99,"column":9},"end":{"line":101,"column":16}},"type":"cond-expr","locations":[{"start":{"line":100,"column":12},"end":{"line":100,"column":94}},{"start":{"line":101,"column":12},"end":{"line":101,"column":16}}],"line":99},"17":{"loc":{"start":{"line":102,"column":9},"end":{"line":109,"column":9}},"type":"binary-expr","locations":[{"start":{"line":102,"column":9},"end":{"line":102,"column":24}},{"start":{"line":102,"column":29},"end":{"line":102,"column":52}},{"start":{"line":102,"column":56},"end":{"line":102,"column":87}},{"start":{"line":102,"column":92},"end":{"line":102,"column":103}},{"start":{"line":103,"column":10},"end":{"line":108,"column":19}}],"line":102},"18":{"loc":{"start":{"line":107,"column":13},"end":{"line":107,"column":83}},"type":"binary-expr","locations":[{"start":{"line":107,"column":13},"end":{"line":107,"column":28}},{"start":{"line":107,"column":33},"end":{"line":107,"column":82}}],"line":107},"19":{"loc":{"start":{"line":107,"column":33},"end":{"line":107,"column":82}},"type":"cond-expr","locations":[{"start":{"line":107,"column":59},"end":{"line":107,"column":69}},{"start":{"line":107,"column":72},"end":{"line":107,"column":82}}],"line":107},"20":{"loc":{"start":{"line":112,"column":9},"end":{"line":112,"column":95}},"type":"binary-expr","locations":[{"start":{"line":112,"column":9},"end":{"line":112,"column":19}},{"start":{"line":112,"column":23},"end":{"line":112,"column":95}}],"line":112},"21":{"loc":{"start":{"line":120,"column":30},"end":{"line":120,"column":59}},"type":"binary-expr","locations":[{"start":{"line":120,"column":30},"end":{"line":120,"column":53}},{"start":{"line":120,"column":57},"end":{"line":120,"column":59}}],"line":120},"22":{"loc":{"start":{"line":123,"column":30},"end":{"line":123,"column":71}},"type":"cond-expr","locations":[{"start":{"line":123,"column":56},"end":{"line":123,"column":64}},{"start":{"line":123,"column":67},"end":{"line":123,"column":71}}],"line":123},"23":{"loc":{"start":{"line":124,"column":4},"end":{"line":126,"column":5}},"type":"if","locations":[{"start":{"line":124,"column":4},"end":{"line":126,"column":5}},{"start":{},"end":{}}],"line":124},"24":{"loc":{"start":{"line":124,"column":8},"end":{"line":124,"column":53}},"type":"binary-expr","locations":[{"start":{"line":124,"column":8},"end":{"line":124,"column":39}},{"start":{"line":124,"column":43},"end":{"line":124,"column":53}}],"line":124},"25":{"loc":{"start":{"line":129,"column":2},"end":{"line":129,"column":67}},"type":"if","locations":[{"start":{"line":129,"column":2},"end":{"line":129,"column":67}},{"start":{},"end":{}}],"line":129}},"s":{"0":2,"1":2,"2":0,"3":0,"4":2,"5":3,"6":3,"7":3,"8":2,"9":0,"10":0,"11":0,"12":3,"13":3,"14":1,"15":0,"16":0,"17":1,"18":1,"19":3,"20":1,"21":1,"22":1,"23":3,"24":2,"25":2,"26":0,"27":0,"28":3,"29":2,"30":2,"31":0,"32":0,"33":0,"34":3,"35":3,"36":2,"37":2,"38":2,"39":1,"40":2,"41":1,"42":1,"43":1,"44":0,"45":2,"46":0,"47":2},"f":{"0":0,"1":0,"2":3,"3":2,"4":0,"5":3,"6":0,"7":1,"8":1,"9":2,"10":0,"11":2,"12":0,"13":2,"14":1,"15":1,"16":1},"b":{"0":[0,2],"1":[2,0],"2":[1,2],"3":[3,1,1],"4":[0,0],"5":[1,0],"6":[1,1],"7":[2,0],"8":[0,0],"9":[0,0],"10":[2,0],"11":[0,0],"12":[3,3],"13":[3,0],"14":[3,3,0],"15":[3,3],"16":[0,3],"17":[3,3,1,2,1],"18":[1,0],"19":[0,0],"20":[3,1],"21":[1,0],"22":[1,0],"23":[0,1],"24":[1,0],"25":[0,2]},"_coverageSchema":"1a1c01bbd47fc00a2c39e90264f33305004495a9","hash":"2cb8657fccbd6e8090b647eaba93635e13978b14"}
,"A:\\Surprise Gifting Platform\\Surprise Gifting Platform\\client\\src\\components\\templates\\TemplateSelector.js": {"path":"A:\\Surprise Gifting Platform\\Surprise Gifting Platform\\client\\src\\components\\templates\\TemplateSelector.js","statementMap":{"0":{"start":{"line":5,"column":25},"end":{"line":293,"column":1}},"1":{"start":{"line":6,"column":36},"end":{"line":6,"column":48}},"2":{"start":{"line":7,"column":32},"end":{"line":7,"column":46}},"3":{"start":{"line":8,"column":50},"end":{"line":8,"column":65}},"4":{"start":{"line":10,"column":2},"end":{"line":12,"column":9}},"5":{"start":{"line":11,"column":4},"end":{"line":11,"column":21}},"6":{"start":{"line":14,"column":25},"end":{"line":121,"column":3}},"7":{"start":{"line":15,"column":4},"end":{"line":120,"column":5}},"8":{"start":{"line":16,"column":23},"end":{"line":16,"column":52}},"9":{"start":{"line":17,"column":19},"end":{"line":17,"column":40}},"10":{"start":{"line":18,"column":6},"end":{"line":18,"column":41}},"11":{"start":{"line":20,"column":6},"end":{"line":20,"column":56}},"12":{"start":{"line":22,"column":6},"end":{"line":117,"column":9}},"13":{"start":{"line":119,"column":6},"end":{"line":119,"column":24}},"14":{"start":{"line":123,"column":21},"end":{"line":131,"column":3}},"15":{"start":{"line":133,"column":28},"end":{"line":137,"column":4}},"16":{"start":{"line":134,"column":4},"end":{"line":134,"column":48}},"17":{"start":{"line":134,"column":36},"end":{"line":134,"column":48}},"18":{"start":{"line":135,"column":4},"end":{"line":135,"column":72}},"19":{"start":{"line":135,"column":44},"end":{"line":135,"column":72}},"20":{"start":{"line":136,"column":4},"end":{"line":136,"column":50}},"21":{"start":{"line":139,"column":31},"end":{"line":141,"column":3}},"22":{"start":{"line":140,"column":4},"end":{"line":140,"column":31}},"23":{"start":{"line":143,"column":2},"end":{"line":149,"column":3}},"24":{"start":{"line":144,"column":4},"end":{"line":148,"column":6}},"25":{"start":{"line":151,"column":2},"end":{"line":292,"column":4}},"26":{"start":{"line":178,"column":14},"end":{"line":189,"column":23}},"27":{"start":{"line":180,"column":31},"end":{"line":180,"column":63}},"28":{"start":{"line":197,"column":12},"end":{"line":274,"column":25}},"29":{"start":{"line":201,"column":29},"end":{"line":201,"column":59}}},"fnMap":{"0":{"name":"(anonymous_0)","decl":{"start":{"line":5,"column":25},"end":{"line":5,"column":26}},"loc":{"start":{"line":5,"column":77},"end":{"line":293,"column":1}},"line":5},"1":{"name":"(anonymous_1)","decl":{"start":{"line":10,"column":12},"end":{"line":10,"column":13}},"loc":{"start":{"line":10,"column":18},"end":{"line":12,"column":3}},"line":10},"2":{"name":"(anonymous_2)","decl":{"start":{"line":14,"column":25},"end":{"line":14,"column":26}},"loc":{"start":{"line":14,"column":37},"end":{"line":121,"column":3}},"line":14},"3":{"name":"(anonymous_3)","decl":{"start":{"line":133,"column":45},"end":{"line":133,"column":46}},"loc":{"start":{"line":133,"column":57},"end":{"line":137,"column":3}},"line":133},"4":{"name":"(anonymous_4)","decl":{"start":{"line":139,"column":31},"end":{"line":139,"column":32}},"loc":{"start":{"line":139,"column":45},"end":{"line":141,"column":3}},"line":139},"5":{"name":"(anonymous_5)","decl":{"start":{"line":177,"column":28},"end":{"line":177,"column":29}},"loc":{"start":{"line":178,"column":14},"end":{"line":189,"column":23}},"line":178},"6":{"name":"(anonymous_6)","decl":{"start":{"line":180,"column":25},"end":{"line":180,"column":26}},"loc":{"start":{"line":180,"column":31},"end":{"line":180,"column":63}},"line":180},"7":{"name":"(anonymous_7)","decl":{"start":{"line":196,"column":33},"end":{"line":196,"column":34}},"loc":{"start":{"line":197,"column":12},"end":{"line":274,"column":25}},"line":197},"8":{"name":"(anonymous_8)","decl":{"start":{"line":201,"column":23},"end":{"line":201,"column":24}},"loc":{"start":{"line":201,"column":29},"end":{"line":201,"column":59}},"line":201}},"branchMap":{"0":{"loc":{"start":{"line":18,"column":19},"end":{"line":18,"column":39}},"type":"binary-expr","locations":[{"start":{"line":18,"column":19},"end":{"line":18,"column":33}},{"start":{"line":18,"column":37},"end":{"line":18,"column":39}}],"line":18},"1":{"loc":{"start":{"line":134,"column":4},"end":{"line":134,"column":48}},"type":"if","locations":[{"start":{"line":134,"column":4},"end":{"line":134,"column":48}},{"start":{},"end":{}}],"line":134},"2":{"loc":{"start":{"line":135,"column":4},"end":{"line":135,"column":72}},"type":"if","locations":[{"start":{"line":135,"column":4},"end":{"line":135,"column":72}},{"start":{},"end":{}}],"line":135},"3":{"loc":{"start":{"line":143,"column":2},"end":{"line":149,"column":3}},"type":"if","locations":[{"start":{"line":143,"column":2},"end":{"line":149,"column":3}},{"start":{},"end":{}}],"line":143},"4":{"loc":{"start":{"line":164,"column":11},"end":{"line":171,"column":11}},"type":"binary-expr","locations":[{"start":{"line":164,"column":11},"end":{"line":164,"column":17}},{"start":{"line":165,"column":12},"end":{"line":170,"column":21}}],"line":164},"5":{"loc":{"start":{"line":182,"column":18},"end":{"line":184,"column":89}},"type":"cond-expr","locations":[{"start":{"line":183,"column":22},"end":{"line":183,"column":99}},{"start":{"line":184,"column":22},"end":{"line":184,"column":89}}],"line":182},"6":{"loc":{"start":{"line":205,"column":17},"end":{"line":222,"column":17}},"type":"cond-expr","locations":[{"start":{"line":206,"column":18},"end":{"line":211,"column":24}},{"start":{"line":213,"column":18},"end":{"line":221,"column":24}}],"line":205},"7":{"loc":{"start":{"line":215,"column":23},"end":{"line":215,"column":63}},"type":"binary-expr","locations":[{"start":{"line":215,"column":23},"end":{"line":215,"column":55}},{"start":{"line":215,"column":59},"end":{"line":215,"column":63}}],"line":215},"8":{"loc":{"start":{"line":216,"column":23},"end":{"line":216,"column":59}},"type":"binary-expr","locations":[{"start":{"line":216,"column":23},"end":{"line":216,"column":51}},{"start":{"line":216,"column":55},"end":{"line":216,"column":59}}],"line":216},"9":{"loc":{"start":{"line":217,"column":23},"end":{"line":217,"column":66}},"type":"binary-expr","locations":[{"start":{"line":217,"column":23},"end":{"line":217,"column":58}},{"start":{"line":217,"column":62},"end":{"line":217,"column":66}}],"line":217},"10":{"loc":{"start":{"line":218,"column":23},"end":{"line":218,"column":65}},"type":"binary-expr","locations":[{"start":{"line":218,"column":23},"end":{"line":218,"column":57}},{"start":{"line":218,"column":61},"end":{"line":218,"column":65}}],"line":218},"11":{"loc":{"start":{"line":219,"column":23},"end":{"line":219,"column":65}},"type":"binary-expr","locations":[{"start":{"line":219,"column":23},"end":{"line":219,"column":57}},{"start":{"line":219,"column":61},"end":{"line":219,"column":65}}],"line":219},"12":{"loc":{"start":{"line":232,"column":17},"end":{"line":238,"column":17}},"type":"binary-expr","locations":[{"start":{"line":232,"column":17},"end":{"line":232,"column":37}},{"start":{"line":233,"column":18},"end":{"line":237,"column":24}}],"line":232},"13":{"loc":{"start":{"line":252,"column":19},"end":{"line":260,"column":19}},"type":"cond-expr","locations":[{"start":{"line":253,"column":20},"end":{"line":255,"column":27}},{"start":{"line":257,"column":20},"end":{"line":259,"column":27}}],"line":252},"14":{"loc":{"start":{"line":262,"column":19},"end":{"line":266,"column":19}},"type":"binary-expr","locations":[{"start":{"line":262,"column":19},"end":{"line":262,"column":42}},{"start":{"line":263,"column":20},"end":{"line":265,"column":27}}],"line":262},"15":{"loc":{"start":{"line":271,"column":19},"end":{"line":271,"column":91}},"type":"cond-expr","locations":[{"start":{"line":271,"column":42},"end":{"line":271,"column":71}},{"start":{"line":271,"column":74},"end":{"line":271,"column":91}}],"line":271},"16":{"loc":{"start":{"line":279,"column":9},"end":{"line":289,"column":9}},"type":"binary-expr","locations":[{"start":{"line":279,"column":9},"end":{"line":279,"column":39}},{"start":{"line":280,"column":10},"end":{"line":288,"column":16}}],"line":279}},"s":{"0":1,"1":1,"2":1,"3":1,"4":1,"5":1,"6":1,"7":1,"8":1,"9":0,"10":0,"11":0,"12":0,"13":0,"14":1,"15":1,"16":0,"17":0,"18":0,"19":0,"20":0,"21":1,"22":0,"23":1,"24":1,"25":0,"26":0,"27":0,"28":0,"29":0},"f":{"0":1,"1":1,"2":1,"3":0,"4":0,"5":0,"6":0,"7":0,"8":0},"b":{"0":[0,0],"1":[0,0],"2":[0,0],"3":[1,0],"4":[0,0],"5":[0,0],"6":[0,0],"7":[0,0],"8":[0,0],"9":[0,0],"10":[0,0],"11":[0,0],"12":[0,0],"13":[0,0],"14":[0,0],"15":[0,0],"16":[0,0]},"_coverageSchema":"1a1c01bbd47fc00a2c39e90264f33305004495a9","hash":"e0bba0137c70d81f9afa045d601a0cdfee6603cd"}
,"A:\\Surprise Gifting Platform\\Surprise Gifting Platform\\client\\src\\components\\ui\\LoadingSpinner.js": {"path":"A:\\Surprise Gifting Platform\\Surprise Gifting Platform\\client\\src\\components\\ui\\LoadingSpinner.js","statementMap":{"0":{"start":{"line":3,"column":23},"end":{"line":12,"column":1}},"1":{"start":{"line":4,"column":2},"end":{"line":11,"column":4}}},"fnMap":{"0":{"name":"(anonymous_0)","decl":{"start":{"line":3,"column":23},"end":{"line":3,"column":24}},"loc":{"start":{"line":3,"column":29},"end":{"line":12,"column":1}},"line":3}},"branchMap":{},"s":{"0":1,"1":1},"f":{"0":1},"b":{},"_coverageSchema":"1a1c01bbd47fc00a2c39e90264f33305004495a9","hash":"7cc7404688abb2d8ef0b03847aaa87cae2236583"}
,"A:\\Surprise Gifting Platform\\Surprise Gifting Platform\\client\\src\\contexts\\AnimationContext.js": {"path":"A:\\Surprise Gifting Platform\\Surprise Gifting Platform\\client\\src\\contexts\\AnimationContext.js","statementMap":{"0":{"start":{"line":3,"column":25},"end":{"line":3,"column":40}},"1":{"start":{"line":5,"column":28},"end":{"line":11,"column":1}},"2":{"start":{"line":6,"column":18},"end":{"line":6,"column":46}},"3":{"start":{"line":7,"column":2},"end":{"line":9,"column":3}},"4":{"start":{"line":8,"column":4},"end":{"line":8,"column":77}},"5":{"start":{"line":10,"column":2},"end":{"line":10,"column":17}},"6":{"start":{"line":13,"column":33},"end":{"line":86,"column":1}},"7":{"start":{"line":14,"column":38},"end":{"line":18,"column":4}},"8":{"start":{"line":19,"column":32},"end":{"line":19,"column":46}},"9":{"start":{"line":20,"column":28},"end":{"line":20,"column":42}},"10":{"start":{"line":22,"column":2},"end":{"line":24,"column":9}},"11":{"start":{"line":23,"column":4},"end":{"line":23,"column":21}},"12":{"start":{"line":26,"column":25},"end":{"line":53,"column":3}},"13":{"start":{"line":27,"column":4},"end":{"line":52,"column":5}},"14":{"start":{"line":28,"column":6},"end":{"line":28,"column":23}},"15":{"start":{"line":31,"column":28},"end":{"line":31,"column":61}},"16":{"start":{"line":32,"column":24},"end":{"line":32,"column":50}},"17":{"start":{"line":35,"column":29},"end":{"line":35,"column":62}},"18":{"start":{"line":36,"column":25},"end":{"line":36,"column":52}},"19":{"start":{"line":39,"column":32},"end":{"line":39,"column":68}},"20":{"start":{"line":40,"column":28},"end":{"line":40,"column":58}},"21":{"start":{"line":42,"column":6},"end":{"line":46,"column":9}},"22":{"start":{"line":48,"column":6},"end":{"line":48,"column":28}},"23":{"start":{"line":49,"column":6},"end":{"line":49,"column":55}},"24":{"start":{"line":51,"column":6},"end":{"line":51,"column":24}},"25":{"start":{"line":55,"column":28},"end":{"line":57,"column":3}},"26":{"start":{"line":56,"column":4},"end":{"line":56,"column":59}},"27":{"start":{"line":56,"column":41},"end":{"line":56,"column":57}},"28":{"start":{"line":59,"column":29},"end":{"line":61,"column":3}},"29":{"start":{"line":60,"column":4},"end":{"line":60,"column":60}},"30":{"start":{"line":60,"column":42},"end":{"line":60,"column":58}},"31":{"start":{"line":63,"column":22},"end":{"line":65,"column":3}},"32":{"start":{"line":64,"column":4},"end":{"line":64,"column":71}},"33":{"start":{"line":64,"column":49},"end":{"line":64,"column":69}},"34":{"start":{"line":67,"column":28},"end":{"line":69,"column":3}},"35":{"start":{"line":68,"column":4},"end":{"line":68,"column":21}},"36":{"start":{"line":71,"column":16},"end":{"line":79,"column":3}},"37":{"start":{"line":81,"column":2},"end":{"line":85,"column":4}}},"fnMap":{"0":{"name":"(anonymous_0)","decl":{"start":{"line":5,"column":28},"end":{"line":5,"column":29}},"loc":{"start":{"line":5,"column":34},"end":{"line":11,"column":1}},"line":5},"1":{"name":"(anonymous_1)","decl":{"start":{"line":13,"column":33},"end":{"line":13,"column":34}},"loc":{"start":{"line":13,"column":51},"end":{"line":86,"column":1}},"line":13},"2":{"name":"(anonymous_2)","decl":{"start":{"line":22,"column":12},"end":{"line":22,"column":13}},"loc":{"start":{"line":22,"column":18},"end":{"line":24,"column":3}},"line":22},"3":{"name":"(anonymous_3)","decl":{"start":{"line":26,"column":25},"end":{"line":26,"column":26}},"loc":{"start":{"line":26,"column":37},"end":{"line":53,"column":3}},"line":26},"4":{"name":"(anonymous_4)","decl":{"start":{"line":55,"column":28},"end":{"line":55,"column":29}},"loc":{"start":{"line":55,"column":36},"end":{"line":57,"column":3}},"line":55},"5":{"name":"(anonymous_5)","decl":{"start":{"line":56,"column":33},"end":{"line":56,"column":34}},"loc":{"start":{"line":56,"column":41},"end":{"line":56,"column":57}},"line":56},"6":{"name":"(anonymous_6)","decl":{"start":{"line":59,"column":29},"end":{"line":59,"column":30}},"loc":{"start":{"line":59,"column":37},"end":{"line":61,"column":3}},"line":59},"7":{"name":"(anonymous_7)","decl":{"start":{"line":60,"column":34},"end":{"line":60,"column":35}},"loc":{"start":{"line":60,"column":42},"end":{"line":60,"column":58}},"line":60},"8":{"name":"(anonymous_8)","decl":{"start":{"line":63,"column":22},"end":{"line":63,"column":23}},"loc":{"start":{"line":63,"column":30},"end":{"line":65,"column":3}},"line":63},"9":{"name":"(anonymous_9)","decl":{"start":{"line":64,"column":37},"end":{"line":64,"column":38}},"loc":{"start":{"line":64,"column":49},"end":{"line":64,"column":69}},"line":64},"10":{"name":"(anonymous_10)","decl":{"start":{"line":67,"column":28},"end":{"line":67,"column":29}},"loc":{"start":{"line":67,"column":34},"end":{"line":69,"column":3}},"line":67}},"branchMap":{"0":{"loc":{"start":{"line":7,"column":2},"end":{"line":9,"column":3}},"type":"if","locations":[{"start":{"line":7,"column":2},"end":{"line":9,"column":3}},{"start":{},"end":{}}],"line":7},"1":{"loc":{"start":{"line":43,"column":15},"end":{"line":43,"column":35}},"type":"binary-expr","locations":[{"start":{"line":43,"column":15},"end":{"line":43,"column":29}},{"start":{"line":43,"column":33},"end":{"line":43,"column":35}}],"line":43},"2":{"loc":{"start":{"line":44,"column":16},"end":{"line":44,"column":37}},"type":"binary-expr","locations":[{"start":{"line":44,"column":16},"end":{"line":44,"column":31}},{"start":{"line":44,"column":35},"end":{"line":44,"column":37}}],"line":44},"3":{"loc":{"start":{"line":45,"column":19},"end":{"line":45,"column":43}},"type":"binary-expr","locations":[{"start":{"line":45,"column":19},"end":{"line":45,"column":37}},{"start":{"line":45,"column":41},"end":{"line":45,"column":43}}],"line":45}},"s":{"0":0,"1":0,"2":0,"3":0,"4":0,"5":0,"6":0,"7":0,"8":0,"9":0,"10":0,"11":0,"12":0,"13":0,"14":0,"15":0,"16":0,"17":0,"18":0,"19":0,"20":0,"21":0,"22":0,"23":0,"24":0,"25":0,"26":0,"27":0,"28":0,"29":0,"30":0,"31":0,"32":0,"33":0,"34":0,"35":0,"36":0,"37":0},"f":{"0":0,"1":0,"2":0,"3":0,"4":0,"5":0,"6":0,"7":0,"8":0,"9":0,"10":0},"b":{"0":[0,0],"1":[0,0],"2":[0,0],"3":[0,0]}}
,"A:\\Surprise Gifting Platform\\Surprise Gifting Platform\\client\\src\\contexts\\AuthContext.js": {"path":"A:\\Surprise Gifting Platform\\Surprise Gifting Platform\\client\\src\\contexts\\AuthContext.js","statementMap":{"0":{"start":{"line":6,"column":21},"end":{"line":6,"column":81}},"1":{"start":{"line":9,"column":21},"end":{"line":14,"column":1}},"2":{"start":{"line":17,"column":21},"end":{"line":23,"column":1}},"3":{"start":{"line":26,"column":20},"end":{"line":68,"column":1}},"4":{"start":{"line":27,"column":2},"end":{"line":67,"column":3}},"5":{"start":{"line":29,"column":6},"end":{"line":32,"column":8}},"6":{"start":{"line":35,"column":6},"end":{"line":41,"column":8}},"7":{"start":{"line":44,"column":6},"end":{"line":48,"column":8}},"8":{"start":{"line":51,"column":6},"end":{"line":57,"column":8}},"9":{"start":{"line":60,"column":6},"end":{"line":63,"column":8}},"10":{"start":{"line":66,"column":6},"end":{"line":66,"column":19}},"11":{"start":{"line":71,"column":20},"end":{"line":71,"column":35}},"12":{"start":{"line":74,"column":28},"end":{"line":270,"column":1}},"13":{"start":{"line":75,"column":28},"end":{"line":75,"column":65}},"14":{"start":{"line":78,"column":2},"end":{"line":84,"column":20}},"15":{"start":{"line":79,"column":4},"end":{"line":83,"column":5}},"16":{"start":{"line":80,"column":6},"end":{"line":80,"column":79}},"17":{"start":{"line":82,"column":6},"end":{"line":82,"column":60}},"18":{"start":{"line":87,"column":2},"end":{"line":110,"column":30}},"19":{"start":{"line":88,"column":22},"end":{"line":107,"column":5}},"20":{"start":{"line":89,"column":6},"end":{"line":106,"column":7}},"21":{"start":{"line":90,"column":8},"end":{"line":103,"column":9}},"22":{"start":{"line":91,"column":27},"end":{"line":91,"column":69}},"23":{"start":{"line":92,"column":10},"end":{"line":98,"column":13}},"24":{"start":{"line":100,"column":10},"end":{"line":100,"column":53}},"25":{"start":{"line":101,"column":10},"end":{"line":101,"column":43}},"26":{"start":{"line":102,"column":10},"end":{"line":102,"column":50}},"27":{"start":{"line":105,"column":8},"end":{"line":105,"column":69}},"28":{"start":{"line":109,"column":4},"end":{"line":109,"column":16}},"29":{"start":{"line":113,"column":16},"end":{"line":138,"column":3}},"30":{"start":{"line":114,"column":4},"end":{"line":137,"column":5}},"31":{"start":{"line":115,"column":6},"end":{"line":115,"column":66}},"32":{"start":{"line":117,"column":23},"end":{"line":120,"column":8}},"33":{"start":{"line":122,"column":30},"end":{"line":122,"column":43}},"34":{"start":{"line":124,"column":6},"end":{"line":124,"column":43}},"35":{"start":{"line":125,"column":6},"end":{"line":128,"column":9}},"36":{"start":{"line":130,"column":6},"end":{"line":130,"column":37}},"37":{"start":{"line":131,"column":6},"end":{"line":131,"column":31}},"38":{"start":{"line":133,"column":22},"end":{"line":133,"column":69}},"39":{"start":{"line":134,"column":6},"end":{"line":134,"column":27}},"40":{"start":{"line":135,"column":6},"end":{"line":135,"column":67}},"41":{"start":{"line":136,"column":6},"end":{"line":136,"column":48}},"42":{"start":{"line":141,"column":19},"end":{"line":163,"column":3}},"43":{"start":{"line":142,"column":4},"end":{"line":162,"column":5}},"44":{"start":{"line":143,"column":6},"end":{"line":143,"column":66}},"45":{"start":{"line":145,"column":23},"end":{"line":145,"column":82}},"46":{"start":{"line":147,"column":30},"end":{"line":147,"column":43}},"47":{"start":{"line":149,"column":6},"end":{"line":149,"column":43}},"48":{"start":{"line":150,"column":6},"end":{"line":153,"column":9}},"49":{"start":{"line":155,"column":6},"end":{"line":155,"column":101}},"50":{"start":{"line":156,"column":6},"end":{"line":156,"column":31}},"51":{"start":{"line":158,"column":22},"end":{"line":158,"column":76}},"52":{"start":{"line":159,"column":6},"end":{"line":159,"column":27}},"53":{"start":{"line":160,"column":6},"end":{"line":160,"column":67}},"54":{"start":{"line":161,"column":6},"end":{"line":161,"column":48}},"55":{"start":{"line":166,"column":17},"end":{"line":170,"column":3}},"56":{"start":{"line":167,"column":4},"end":{"line":167,"column":37}},"57":{"start":{"line":168,"column":4},"end":{"line":168,"column":44}},"58":{"start":{"line":169,"column":4},"end":{"line":169,"column":45}},"59":{"start":{"line":173,"column":24},"end":{"line":187,"column":3}},"60":{"start":{"line":174,"column":4},"end":{"line":186,"column":5}},"61":{"start":{"line":175,"column":23},"end":{"line":175,"column":80}},"62":{"start":{"line":176,"column":6},"end":{"line":179,"column":9}},"63":{"start":{"line":180,"column":6},"end":{"line":180,"column":52}},"64":{"start":{"line":181,"column":6},"end":{"line":181,"column":31}},"65":{"start":{"line":183,"column":22},"end":{"line":183,"column":78}},"66":{"start":{"line":184,"column":6},"end":{"line":184,"column":27}},"67":{"start":{"line":185,"column":6},"end":{"line":185,"column":48}},"68":{"start":{"line":190,"column":25},"end":{"line":203,"column":3}},"69":{"start":{"line":191,"column":4},"end":{"line":202,"column":5}},"70":{"start":{"line":192,"column":6},"end":{"line":195,"column":9}},"71":{"start":{"line":196,"column":6},"end":{"line":196,"column":53}},"72":{"start":{"line":197,"column":6},"end":{"line":197,"column":31}},"73":{"start":{"line":199,"column":22},"end":{"line":199,"column":79}},"74":{"start":{"line":200,"column":6},"end":{"line":200,"column":27}},"75":{"start":{"line":201,"column":6},"end":{"line":201,"column":48}},"76":{"start":{"line":206,"column":25},"end":{"line":216,"column":3}},"77":{"start":{"line":207,"column":4},"end":{"line":215,"column":5}},"78":{"start":{"line":208,"column":6},"end":{"line":208,"column":74}},"79":{"start":{"line":209,"column":6},"end":{"line":209,"column":62}},"80":{"start":{"line":210,"column":6},"end":{"line":210,"column":31}},"81":{"start":{"line":212,"column":22},"end":{"line":212,"column":86}},"82":{"start":{"line":213,"column":6},"end":{"line":213,"column":27}},"83":{"start":{"line":214,"column":6},"end":{"line":214,"column":48}},"84":{"start":{"line":219,"column":24},"end":{"line":232,"column":3}},"85":{"start":{"line":220,"column":4},"end":{"line":231,"column":5}},"86":{"start":{"line":221,"column":6},"end":{"line":224,"column":9}},"87":{"start":{"line":225,"column":6},"end":{"line":225,"column":51}},"88":{"start":{"line":226,"column":6},"end":{"line":226,"column":31}},"89":{"start":{"line":228,"column":22},"end":{"line":228,"column":78}},"90":{"start":{"line":229,"column":6},"end":{"line":229,"column":27}},"91":{"start":{"line":230,"column":6},"end":{"line":230,"column":48}},"92":{"start":{"line":235,"column":22},"end":{"line":251,"column":3}},"93":{"start":{"line":236,"column":4},"end":{"line":250,"column":5}},"94":{"start":{"line":237,"column":6},"end":{"line":237,"column":62}},"95":{"start":{"line":238,"column":6},"end":{"line":243,"column":7}},"96":{"start":{"line":239,"column":8},"end":{"line":242,"column":11}},"97":{"start":{"line":244,"column":6},"end":{"line":244,"column":51}},"98":{"start":{"line":245,"column":6},"end":{"line":245,"column":31}},"99":{"start":{"line":247,"column":22},"end":{"line":247,"column":82}},"100":{"start":{"line":248,"column":6},"end":{"line":248,"column":27}},"101":{"start":{"line":249,"column":6},"end":{"line":249,"column":48}},"102":{"start":{"line":253,"column":16},"end":{"line":263,"column":3}},"103":{"start":{"line":265,"column":2},"end":{"line":269,"column":4}},"104":{"start":{"line":273,"column":23},"end":{"line":279,"column":1}},"105":{"start":{"line":274,"column":18},"end":{"line":274,"column":41}},"106":{"start":{"line":275,"column":2},"end":{"line":277,"column":3}},"107":{"start":{"line":276,"column":4},"end":{"line":276,"column":67}},"108":{"start":{"line":278,"column":2},"end":{"line":278,"column":17}}},"fnMap":{"0":{"name":"(anonymous_0)","decl":{"start":{"line":26,"column":20},"end":{"line":26,"column":21}},"loc":{"start":{"line":26,"column":39},"end":{"line":68,"column":1}},"line":26},"1":{"name":"(anonymous_1)","decl":{"start":{"line":74,"column":28},"end":{"line":74,"column":29}},"loc":{"start":{"line":74,"column":46},"end":{"line":270,"column":1}},"line":74},"2":{"name":"(anonymous_2)","decl":{"start":{"line":78,"column":12},"end":{"line":78,"column":13}},"loc":{"start":{"line":78,"column":18},"end":{"line":84,"column":3}},"line":78},"3":{"name":"(anonymous_3)","decl":{"start":{"line":87,"column":12},"end":{"line":87,"column":13}},"loc":{"start":{"line":87,"column":18},"end":{"line":110,"column":3}},"line":87},"4":{"name":"(anonymous_4)","decl":{"start":{"line":88,"column":22},"end":{"line":88,"column":23}},"loc":{"start":{"line":88,"column":34},"end":{"line":107,"column":5}},"line":88},"5":{"name":"(anonymous_5)","decl":{"start":{"line":113,"column":16},"end":{"line":113,"column":17}},"loc":{"start":{"line":113,"column":43},"end":{"line":138,"column":3}},"line":113},"6":{"name":"(anonymous_6)","decl":{"start":{"line":141,"column":19},"end":{"line":141,"column":20}},"loc":{"start":{"line":141,"column":39},"end":{"line":163,"column":3}},"line":141},"7":{"name":"(anonymous_7)","decl":{"start":{"line":166,"column":17},"end":{"line":166,"column":18}},"loc":{"start":{"line":166,"column":23},"end":{"line":170,"column":3}},"line":166},"8":{"name":"(anonymous_8)","decl":{"start":{"line":173,"column":24},"end":{"line":173,"column":25}},"loc":{"start":{"line":173,"column":44},"end":{"line":187,"column":3}},"line":173},"9":{"name":"(anonymous_9)","decl":{"start":{"line":190,"column":25},"end":{"line":190,"column":26}},"loc":{"start":{"line":190,"column":65},"end":{"line":203,"column":3}},"line":190},"10":{"name":"(anonymous_10)","decl":{"start":{"line":206,"column":25},"end":{"line":206,"column":26}},"loc":{"start":{"line":206,"column":42},"end":{"line":216,"column":3}},"line":206},"11":{"name":"(anonymous_11)","decl":{"start":{"line":219,"column":24},"end":{"line":219,"column":25}},"loc":{"start":{"line":219,"column":51},"end":{"line":232,"column":3}},"line":219},"12":{"name":"(anonymous_12)","decl":{"start":{"line":235,"column":22},"end":{"line":235,"column":23}},"loc":{"start":{"line":235,"column":39},"end":{"line":251,"column":3}},"line":235},"13":{"name":"(anonymous_13)","decl":{"start":{"line":273,"column":23},"end":{"line":273,"column":24}},"loc":{"start":{"line":273,"column":29},"end":{"line":279,"column":1}},"line":273}},"branchMap":{"0":{"loc":{"start":{"line":6,"column":21},"end":{"line":6,"column":81}},"type":"binary-expr","locations":[{"start":{"line":6,"column":21},"end":{"line":6,"column":50}},{"start":{"line":6,"column":54},"end":{"line":6,"column":81}}],"line":6},"1":{"loc":{"start":{"line":27,"column":2},"end":{"line":67,"column":3}},"type":"switch","locations":[{"start":{"line":28,"column":4},"end":{"line":32,"column":8}},{"start":{"line":34,"column":4},"end":{"line":41,"column":8}},{"start":{"line":43,"column":4},"end":{"line":48,"column":8}},{"start":{"line":50,"column":4},"end":{"line":57,"column":8}},{"start":{"line":59,"column":4},"end":{"line":63,"column":8}},{"start":{"line":65,"column":4},"end":{"line":66,"column":19}}],"line":27},"2":{"loc":{"start":{"line":79,"column":4},"end":{"line":83,"column":5}},"type":"if","locations":[{"start":{"line":79,"column":4},"end":{"line":83,"column":5}},{"start":{"line":81,"column":11},"end":{"line":83,"column":5}}],"line":79},"3":{"loc":{"start":{"line":89,"column":6},"end":{"line":106,"column":7}},"type":"if","locations":[{"start":{"line":89,"column":6},"end":{"line":106,"column":7}},{"start":{"line":104,"column":13},"end":{"line":106,"column":7}}],"line":89},"4":{"loc":{"start":{"line":133,"column":22},"end":{"line":133,"column":69}},"type":"binary-expr","locations":[{"start":{"line":133,"column":22},"end":{"line":133,"column":51}},{"start":{"line":133,"column":55},"end":{"line":133,"column":69}}],"line":133},"5":{"loc":{"start":{"line":158,"column":22},"end":{"line":158,"column":76}},"type":"binary-expr","locations":[{"start":{"line":158,"column":22},"end":{"line":158,"column":51}},{"start":{"line":158,"column":55},"end":{"line":158,"column":76}}],"line":158},"6":{"loc":{"start":{"line":183,"column":22},"end":{"line":183,"column":78}},"type":"binary-expr","locations":[{"start":{"line":183,"column":22},"end":{"line":183,"column":51}},{"start":{"line":183,"column":55},"end":{"line":183,"column":78}}],"line":183},"7":{"loc":{"start":{"line":199,"column":22},"end":{"line":199,"column":79}},"type":"binary-expr","locations":[{"start":{"line":199,"column":22},"end":{"line":199,"column":51}},{"start":{"line":199,"column":55},"end":{"line":199,"column":79}}],"line":199},"8":{"loc":{"start":{"line":212,"column":22},"end":{"line":212,"column":86}},"type":"binary-expr","locations":[{"start":{"line":212,"column":22},"end":{"line":212,"column":51}},{"start":{"line":212,"column":55},"end":{"line":212,"column":86}}],"line":212},"9":{"loc":{"start":{"line":228,"column":22},"end":{"line":228,"column":78}},"type":"binary-expr","locations":[{"start":{"line":228,"column":22},"end":{"line":228,"column":51}},{"start":{"line":228,"column":55},"end":{"line":228,"column":78}}],"line":228},"10":{"loc":{"start":{"line":238,"column":6},"end":{"line":243,"column":7}},"type":"if","locations":[{"start":{"line":238,"column":6},"end":{"line":243,"column":7}},{"start":{},"end":{}}],"line":238},"11":{"loc":{"start":{"line":247,"column":22},"end":{"line":247,"column":82}},"type":"binary-expr","locations":[{"start":{"line":247,"column":22},"end":{"line":247,"column":51}},{"start":{"line":247,"column":55},"end":{"line":247,"column":82}}],"line":247},"12":{"loc":{"start":{"line":275,"column":2},"end":{"line":277,"column":3}},"type":"if","locations":[{"start":{"line":275,"column":2},"end":{"line":277,"column":3}},{"start":{},"end":{}}],"line":275}},"s":{"0":1,"1":1,"2":1,"3":1,"4":4,"5":4,"6":0,"7":0,"8":0,"9":0,"10":0,"11":1,"12":1,"13":8,"14":8,"15":4,"16":0,"17":4,"18":8,"19":4,"20":4,"21":0,"22":0,"23":0,"24":0,"25":0,"26":0,"27":4,"28":4,"29":8,"30":0,"31":0,"32":0,"33":0,"34":0,"35":0,"36":0,"37":0,"38":0,"39":0,"40":0,"41":0,"42":8,"43":0,"44":0,"45":0,"46":0,"47":0,"48":0,"49":0,"50":0,"51":0,"52":0,"53":0,"54":0,"55":8,"56":0,"57":0,"58":0,"59":8,"60":0,"61":0,"62":0,"63":0,"64":0,"65":0,"66":0,"67":0,"68":8,"69":0,"70":0,"71":0,"72":0,"73":0,"74":0,"75":0,"76":8,"77":0,"78":0,"79":0,"80":0,"81":0,"82":0,"83":0,"84":8,"85":0,"86":0,"87":0,"88":0,"89":0,"90":0,"91":0,"92":8,"93":0,"94":0,"95":0,"96":0,"97":0,"98":0,"99":0,"100":0,"101":0,"102":8,"103":8,"104":1,"105":8,"106":8,"107":0,"108":8},"f":{"0":4,"1":8,"2":4,"3":4,"4":4,"5":0,"6":0,"7":0,"8":0,"9":0,"10":0,"11":0,"12":0,"13":8},"b":{"0":[1,1],"1":[4,0,0,0,0,0],"2":[0,4],"3":[0,4],"4":[0,0],"5":[0,0],"6":[0,0],"7":[0,0],"8":[0,0],"9":[0,0],"10":[0,0],"11":[0,0],"12":[0,8]},"_coverageSchema":"1a1c01bbd47fc00a2c39e90264f33305004495a9","hash":"2c6c313bf826f2b56e403b2fa067033148e724ef"}
,"A:\\Surprise Gifting Platform\\Surprise Gifting Platform\\client\\src\\pages\\CreateSurprise.js": {"path":"A:\\Surprise Gifting Platform\\Surprise Gifting Platform\\client\\src\\pages\\CreateSurprise.js","statementMap":{"0":{"start":{"line":7,"column":23},"end":{"line":244,"column":1}},"1":{"start":{"line":8,"column":19},"end":{"line":8,"column":32}},"2":{"start":{"line":9,"column":19},"end":{"line":9,"column":28}},"3":{"start":{"line":10,"column":26},"end":{"line":10,"column":46}},"4":{"start":{"line":11,"column":50},"end":{"line":11,"column":64}},"5":{"start":{"line":12,"column":34},"end":{"line":21,"column":4}},"6":{"start":{"line":22,"column":32},"end":{"line":22,"column":47}},"7":{"start":{"line":24,"column":31},"end":{"line":33,"column":3}},"8":{"start":{"line":25,"column":4},"end":{"line":25,"column":34}},"9":{"start":{"line":26,"column":4},"end":{"line":31,"column":8}},"10":{"start":{"line":26,"column":25},"end":{"line":31,"column":5}},"11":{"start":{"line":32,"column":4},"end":{"line":32,"column":23}},"12":{"start":{"line":35,"column":32},"end":{"line":38,"column":3}},"13":{"start":{"line":36,"column":4},"end":{"line":36,"column":24}},"14":{"start":{"line":37,"column":4},"end":{"line":37,"column":30}},"15":{"start":{"line":40,"column":23},"end":{"line":53,"column":3}},"16":{"start":{"line":41,"column":4},"end":{"line":41,"column":23}},"17":{"start":{"line":42,"column":4},"end":{"line":42,"column":21}},"18":{"start":{"line":44,"column":4},"end":{"line":52,"column":5}},"19":{"start":{"line":46,"column":6},"end":{"line":46,"column":54}},"20":{"start":{"line":47,"column":6},"end":{"line":47,"column":29}},"21":{"start":{"line":49,"column":6},"end":{"line":49,"column":47}},"22":{"start":{"line":51,"column":6},"end":{"line":51,"column":24}},"23":{"start":{"line":55,"column":23},"end":{"line":61,"column":3}},"24":{"start":{"line":56,"column":43},"end":{"line":56,"column":51}},"25":{"start":{"line":57,"column":4},"end":{"line":60,"column":8}},"26":{"start":{"line":57,"column":25},"end":{"line":60,"column":5}},"27":{"start":{"line":64,"column":2},"end":{"line":71,"column":3}},"28":{"start":{"line":65,"column":4},"end":{"line":70,"column":6}},"29":{"start":{"line":68,"column":22},"end":{"line":68,"column":44}},"30":{"start":{"line":74,"column":2},"end":{"line":243,"column":4}},"31":{"start":{"line":226,"column":31},"end":{"line":226,"column":53}}},"fnMap":{"0":{"name":"(anonymous_0)","decl":{"start":{"line":7,"column":23},"end":{"line":7,"column":24}},"loc":{"start":{"line":7,"column":29},"end":{"line":244,"column":1}},"line":7},"1":{"name":"(anonymous_1)","decl":{"start":{"line":24,"column":31},"end":{"line":24,"column":32}},"loc":{"start":{"line":24,"column":45},"end":{"line":33,"column":3}},"line":24},"2":{"name":"(anonymous_2)","decl":{"start":{"line":26,"column":16},"end":{"line":26,"column":17}},"loc":{"start":{"line":26,"column":25},"end":{"line":31,"column":5}},"line":26},"3":{"name":"(anonymous_3)","decl":{"start":{"line":35,"column":32},"end":{"line":35,"column":33}},"loc":{"start":{"line":35,"column":38},"end":{"line":38,"column":3}},"line":35},"4":{"name":"(anonymous_4)","decl":{"start":{"line":40,"column":23},"end":{"line":40,"column":24}},"loc":{"start":{"line":40,"column":36},"end":{"line":53,"column":3}},"line":40},"5":{"name":"(anonymous_5)","decl":{"start":{"line":55,"column":23},"end":{"line":55,"column":24}},"loc":{"start":{"line":55,"column":30},"end":{"line":61,"column":3}},"line":55},"6":{"name":"(anonymous_6)","decl":{"start":{"line":57,"column":16},"end":{"line":57,"column":17}},"loc":{"start":{"line":57,"column":25},"end":{"line":60,"column":5}},"line":57},"7":{"name":"(anonymous_7)","decl":{"start":{"line":68,"column":16},"end":{"line":68,"column":17}},"loc":{"start":{"line":68,"column":22},"end":{"line":68,"column":44}},"line":68},"8":{"name":"(anonymous_8)","decl":{"start":{"line":226,"column":25},"end":{"line":226,"column":26}},"loc":{"start":{"line":226,"column":31},"end":{"line":226,"column":53}},"line":226}},"branchMap":{"0":{"loc":{"start":{"line":59,"column":14},"end":{"line":59,"column":51}},"type":"cond-expr","locations":[{"start":{"line":59,"column":36},"end":{"line":59,"column":43}},{"start":{"line":59,"column":46},"end":{"line":59,"column":51}}],"line":59},"1":{"loc":{"start":{"line":64,"column":2},"end":{"line":71,"column":3}},"type":"if","locations":[{"start":{"line":64,"column":2},"end":{"line":71,"column":3}},{"start":{},"end":{}}],"line":64},"2":{"loc":{"start":{"line":91,"column":11},"end":{"line":117,"column":11}},"type":"binary-expr","locations":[{"start":{"line":91,"column":11},"end":{"line":91,"column":27}},{"start":{"line":92,"column":12},"end":{"line":116,"column":18}}],"line":91},"3":{"loc":{"start":{"line":105,"column":21},"end":{"line":109,"column":21}},"type":"binary-expr","locations":[{"start":{"line":105,"column":21},"end":{"line":105,"column":49}},{"start":{"line":106,"column":22},"end":{"line":108,"column":29}}],"line":105},"4":{"loc":{"start":{"line":113,"column":19},"end":{"line":113,"column":61}},"type":"cond-expr","locations":[{"start":{"line":113,"column":50},"end":{"line":113,"column":54}},{"start":{"line":113,"column":57},"end":{"line":113,"column":61}}],"line":113},"5":{"loc":{"start":{"line":202,"column":15},"end":{"line":219,"column":15}},"type":"binary-expr","locations":[{"start":{"line":202,"column":15},"end":{"line":202,"column":35}},{"start":{"line":203,"column":16},"end":{"line":218,"column":22}}],"line":202},"6":{"loc":{"start":{"line":236,"column":17},"end":{"line":236,"column":60}},"type":"cond-expr","locations":[{"start":{"line":236,"column":27},"end":{"line":236,"column":40}},{"start":{"line":236,"column":43},"end":{"line":236,"column":60}}],"line":236}},"s":{"0":0,"1":0,"2":0,"3":0,"4":0,"5":0,"6":0,"7":0,"8":0,"9":0,"10":0,"11":0,"12":0,"13":0,"14":0,"15":0,"16":0,"17":0,"18":0,"19":0,"20":0,"21":0,"22":0,"23":0,"24":0,"25":0,"26":0,"27":0,"28":0,"29":0,"30":0,"31":0},"f":{"0":0,"1":0,"2":0,"3":0,"4":0,"5":0,"6":0,"7":0,"8":0},"b":{"0":[0,0],"1":[0,0],"2":[0,0],"3":[0,0],"4":[0,0],"5":[0,0],"6":[0,0]}}
,"A:\\Surprise Gifting Platform\\Surprise Gifting Platform\\client\\src\\pages\\Dashboard.js": {"path":"A:\\Surprise Gifting Platform\\Surprise Gifting Platform\\client\\src\\pages\\Dashboard.js","statementMap":{"0":{"start":{"line":4,"column":18},"end":{"line":118,"column":1}},"1":{"start":{"line":5,"column":19},"end":{"line":5,"column":28}},"2":{"start":{"line":6,"column":28},"end":{"line":10,"column":4}},"3":{"start":{"line":12,"column":2},"end":{"line":16,"column":13}},"4":{"start":{"line":13,"column":4},"end":{"line":15,"column":5}},"5":{"start":{"line":14,"column":6},"end":{"line":14,"column":26}},"6":{"start":{"line":18,"column":28},"end":{"line":30,"column":3}},"7":{"start":{"line":19,"column":4},"end":{"line":29,"column":5}},"8":{"start":{"line":20,"column":23},"end":{"line":24,"column":8}},"9":{"start":{"line":25,"column":19},"end":{"line":25,"column":40}},"10":{"start":{"line":26,"column":6},"end":{"line":26,"column":21}},"11":{"start":{"line":28,"column":6},"end":{"line":28,"column":61}},"12":{"start":{"line":32,"column":2},"end":{"line":117,"column":4}},"13":{"start":{"line":99,"column":18},"end":{"line":107,"column":24}}},"fnMap":{"0":{"name":"(anonymous_0)","decl":{"start":{"line":4,"column":18},"end":{"line":4,"column":19}},"loc":{"start":{"line":4,"column":24},"end":{"line":118,"column":1}},"line":4},"1":{"name":"(anonymous_1)","decl":{"start":{"line":12,"column":12},"end":{"line":12,"column":13}},"loc":{"start":{"line":12,"column":18},"end":{"line":16,"column":3}},"line":12},"2":{"name":"(anonymous_2)","decl":{"start":{"line":18,"column":28},"end":{"line":18,"column":29}},"loc":{"start":{"line":18,"column":40},"end":{"line":30,"column":3}},"line":18},"3":{"name":"(anonymous_3)","decl":{"start":{"line":98,"column":43},"end":{"line":98,"column":44}},"loc":{"start":{"line":99,"column":18},"end":{"line":107,"column":24}},"line":99}},"branchMap":{"0":{"loc":{"start":{"line":13,"column":4},"end":{"line":15,"column":5}},"type":"if","locations":[{"start":{"line":13,"column":4},"end":{"line":15,"column":5}},{"start":{},"end":{}}],"line":13},"1":{"loc":{"start":{"line":96,"column":13},"end":{"line":112,"column":13}},"type":"cond-expr","locations":[{"start":{"line":97,"column":14},"end":{"line":109,"column":20}},{"start":{"line":111,"column":14},"end":{"line":111,"column":88}}],"line":96}},"s":{"0":0,"1":0,"2":0,"3":0,"4":0,"5":0,"6":0,"7":0,"8":0,"9":0,"10":0,"11":0,"12":0,"13":0},"f":{"0":0,"1":0,"2":0,"3":0},"b":{"0":[0,0],"1":[0,0]}}
,"A:\\Surprise Gifting Platform\\Surprise Gifting Platform\\client\\src\\pages\\Home.js": {"path":"A:\\Surprise Gifting Platform\\Surprise Gifting Platform\\client\\src\\pages\\Home.js","statementMap":{"0":{"start":{"line":18,"column":13},"end":{"line":272,"column":1}},"1":{"start":{"line":19,"column":19},"end":{"line":40,"column":3}},"2":{"start":{"line":42,"column":20},"end":{"line":68,"column":3}},"3":{"start":{"line":70,"column":2},"end":{"line":271,"column":4}},"4":{"start":{"line":88,"column":12},"end":{"line":105,"column":14}},"5":{"start":{"line":175,"column":14},"end":{"line":192,"column":27}},"6":{"start":{"line":218,"column":14},"end":{"line":232,"column":27}}},"fnMap":{"0":{"name":"(anonymous_0)","decl":{"start":{"line":18,"column":13},"end":{"line":18,"column":14}},"loc":{"start":{"line":18,"column":19},"end":{"line":272,"column":1}},"line":18},"1":{"name":"(anonymous_1)","decl":{"start":{"line":87,"column":30},"end":{"line":87,"column":31}},"loc":{"start":{"line":88,"column":12},"end":{"line":105,"column":14}},"line":88},"2":{"name":"(anonymous_2)","decl":{"start":{"line":174,"column":26},"end":{"line":174,"column":27}},"loc":{"start":{"line":175,"column":14},"end":{"line":192,"column":27}},"line":175},"3":{"name":"(anonymous_3)","decl":{"start":{"line":217,"column":27},"end":{"line":217,"column":28}},"loc":{"start":{"line":218,"column":14},"end":{"line":232,"column":27}},"line":218}},"branchMap":{},"s":{"0":0,"1":0,"2":0,"3":0,"4":0,"5":0,"6":0},"f":{"0":0,"1":0,"2":0,"3":0},"b":{}}
,"A:\\Surprise Gifting Platform\\Surprise Gifting Platform\\client\\src\\pages\\MySurprises.js": {"path":"A:\\Surprise Gifting Platform\\Surprise Gifting Platform\\client\\src\\pages\\MySurprises.js","statementMap":{"0":{"start":{"line":6,"column":20},"end":{"line":93,"column":1}},"1":{"start":{"line":7,"column":19},"end":{"line":7,"column":32}},"2":{"start":{"line":8,"column":19},"end":{"line":8,"column":28}},"3":{"start":{"line":9,"column":36},"end":{"line":9,"column":48}},"4":{"start":{"line":10,"column":32},"end":{"line":10,"column":46}},"5":{"start":{"line":12,"column":2},"end":{"line":14,"column":9}},"6":{"start":{"line":13,"column":4},"end":{"line":13,"column":20}},"7":{"start":{"line":16,"column":24},"end":{"line":26,"column":3}},"8":{"start":{"line":17,"column":4},"end":{"line":25,"column":5}},"9":{"start":{"line":18,"column":6},"end":{"line":18,"column":23}},"10":{"start":{"line":20,"column":6},"end":{"line":20,"column":23}},"11":{"start":{"line":22,"column":6},"end":{"line":22,"column":46}},"12":{"start":{"line":24,"column":6},"end":{"line":24,"column":24}},"13":{"start":{"line":28,"column":2},"end":{"line":37,"column":3}},"14":{"start":{"line":29,"column":4},"end":{"line":36,"column":6}},"15":{"start":{"line":39,"column":2},"end":{"line":92,"column":4}},"16":{"start":{"line":45,"column":27},"end":{"line":45,"column":46}},"17":{"start":{"line":60,"column":29},"end":{"line":60,"column":48}},"18":{"start":{"line":69,"column":14},"end":{"line":86,"column":20}},"19":{"start":{"line":74,"column":35},"end":{"line":74,"column":74}},"20":{"start":{"line":80,"column":35},"end":{"line":80,"column":67}}},"fnMap":{"0":{"name":"(anonymous_0)","decl":{"start":{"line":6,"column":20},"end":{"line":6,"column":21}},"loc":{"start":{"line":6,"column":26},"end":{"line":93,"column":1}},"line":6},"1":{"name":"(anonymous_1)","decl":{"start":{"line":12,"column":12},"end":{"line":12,"column":13}},"loc":{"start":{"line":12,"column":18},"end":{"line":14,"column":3}},"line":12},"2":{"name":"(anonymous_2)","decl":{"start":{"line":16,"column":24},"end":{"line":16,"column":25}},"loc":{"start":{"line":16,"column":36},"end":{"line":26,"column":3}},"line":16},"3":{"name":"(anonymous_3)","decl":{"start":{"line":45,"column":21},"end":{"line":45,"column":22}},"loc":{"start":{"line":45,"column":27},"end":{"line":45,"column":46}},"line":45},"4":{"name":"(anonymous_4)","decl":{"start":{"line":60,"column":23},"end":{"line":60,"column":24}},"loc":{"start":{"line":60,"column":29},"end":{"line":60,"column":48}},"line":60},"5":{"name":"(anonymous_5)","decl":{"start":{"line":68,"column":27},"end":{"line":68,"column":28}},"loc":{"start":{"line":69,"column":14},"end":{"line":86,"column":20}},"line":69},"6":{"name":"(anonymous_6)","decl":{"start":{"line":74,"column":29},"end":{"line":74,"column":30}},"loc":{"start":{"line":74,"column":35},"end":{"line":74,"column":74}},"line":74},"7":{"name":"(anonymous_7)","decl":{"start":{"line":80,"column":29},"end":{"line":80,"column":30}},"loc":{"start":{"line":80,"column":35},"end":{"line":80,"column":67}},"line":80}},"branchMap":{"0":{"loc":{"start":{"line":28,"column":2},"end":{"line":37,"column":3}},"type":"if","locations":[{"start":{"line":28,"column":2},"end":{"line":37,"column":3}},{"start":{},"end":{}}],"line":28},"1":{"loc":{"start":{"line":52,"column":9},"end":{"line":89,"column":9}},"type":"cond-expr","locations":[{"start":{"line":53,"column":10},"end":{"line":65,"column":16}},{"start":{"line":67,"column":10},"end":{"line":88,"column":16}}],"line":52}},"s":{"0":0,"1":0,"2":0,"3":0,"4":0,"5":0,"6":0,"7":0,"8":0,"9":0,"10":0,"11":0,"12":0,"13":0,"14":0,"15":0,"16":0,"17":0,"18":0,"19":0,"20":0},"f":{"0":0,"1":0,"2":0,"3":0,"4":0,"5":0,"6":0,"7":0},"b":{"0":[0,0],"1":[0,0]}}
,"A:\\Surprise Gifting Platform\\Surprise Gifting Platform\\client\\src\\pages\\NotFound.js": {"path":"A:\\Surprise Gifting Platform\\Surprise Gifting Platform\\client\\src\\pages\\NotFound.js","statementMap":{"0":{"start":{"line":4,"column":17},"end":{"line":22,"column":1}},"1":{"start":{"line":5,"column":2},"end":{"line":21,"column":4}}},"fnMap":{"0":{"name":"(anonymous_0)","decl":{"start":{"line":4,"column":17},"end":{"line":4,"column":18}},"loc":{"start":{"line":4,"column":23},"end":{"line":22,"column":1}},"line":4}},"branchMap":{},"s":{"0":0,"1":0},"f":{"0":0},"b":{}}
,"A:\\Surprise Gifting Platform\\Surprise Gifting Platform\\client\\src\\pages\\Profile.js": {"path":"A:\\Surprise Gifting Platform\\Surprise Gifting Platform\\client\\src\\pages\\Profile.js","statementMap":{"0":{"start":{"line":5,"column":16},"end":{"line":60,"column":1}},"1":{"start":{"line":6,"column":50},"end":{"line":6,"column":59}},"2":{"start":{"line":7,"column":36},"end":{"line":7,"column":55}},"3":{"start":{"line":8,"column":32},"end":{"line":8,"column":47}},"4":{"start":{"line":10,"column":2},"end":{"line":59,"column":4}},"5":{"start":{"line":20,"column":31},"end":{"line":20,"column":54}},"6":{"start":{"line":30,"column":31},"end":{"line":30,"column":55}}},"fnMap":{"0":{"name":"(anonymous_0)","decl":{"start":{"line":5,"column":16},"end":{"line":5,"column":17}},"loc":{"start":{"line":5,"column":22},"end":{"line":60,"column":1}},"line":5},"1":{"name":"(anonymous_1)","decl":{"start":{"line":20,"column":25},"end":{"line":20,"column":26}},"loc":{"start":{"line":20,"column":31},"end":{"line":20,"column":54}},"line":20},"2":{"name":"(anonymous_2)","decl":{"start":{"line":30,"column":25},"end":{"line":30,"column":26}},"loc":{"start":{"line":30,"column":31},"end":{"line":30,"column":55}},"line":30}},"branchMap":{"0":{"loc":{"start":{"line":22,"column":18},"end":{"line":24,"column":98}},"type":"cond-expr","locations":[{"start":{"line":23,"column":22},"end":{"line":23,"column":53}},{"start":{"line":24,"column":22},"end":{"line":24,"column":98}}],"line":22},"1":{"loc":{"start":{"line":32,"column":18},"end":{"line":34,"column":98}},"type":"cond-expr","locations":[{"start":{"line":33,"column":22},"end":{"line":33,"column":53}},{"start":{"line":34,"column":22},"end":{"line":34,"column":98}}],"line":32},"2":{"loc":{"start":{"line":44,"column":13},"end":{"line":54,"column":13}},"type":"cond-expr","locations":[{"start":{"line":45,"column":14},"end":{"line":48,"column":20}},{"start":{"line":50,"column":14},"end":{"line":53,"column":20}}],"line":44}},"s":{"0":0,"1":0,"2":0,"3":0,"4":0,"5":0,"6":0},"f":{"0":0,"1":0,"2":0},"b":{"0":[0,0],"1":[0,0],"2":[0,0]}}
,"A:\\Surprise Gifting Platform\\Surprise Gifting Platform\\client\\src\\pages\\Templates.js": {"path":"A:\\Surprise Gifting Platform\\Surprise Gifting Platform\\client\\src\\pages\\Templates.js","statementMap":{"0":{"start":{"line":3,"column":18},"end":{"line":14,"column":1}},"1":{"start":{"line":4,"column":2},"end":{"line":13,"column":4}}},"fnMap":{"0":{"name":"(anonymous_0)","decl":{"start":{"line":3,"column":18},"end":{"line":3,"column":19}},"loc":{"start":{"line":3,"column":24},"end":{"line":14,"column":1}},"line":3}},"branchMap":{},"s":{"0":0,"1":0},"f":{"0":0},"b":{}}
,"A:\\Surprise Gifting Platform\\Surprise Gifting Platform\\client\\src\\pages\\ViewSurprise.js": {"path":"A:\\Surprise Gifting Platform\\Surprise Gifting Platform\\client\\src\\pages\\ViewSurprise.js","statementMap":{"0":{"start":{"line":8,"column":21},"end":{"line":326,"column":1}},"1":{"start":{"line":9,"column":20},"end":{"line":9,"column":31}},"2":{"start":{"line":10,"column":19},"end":{"line":10,"column":32}},"3":{"start":{"line":11,"column":19},"end":{"line":11,"column":28}},"4":{"start":{"line":12,"column":34},"end":{"line":12,"column":48}},"5":{"start":{"line":13,"column":34},"end":{"line":13,"column":48}},"6":{"start":{"line":14,"column":52},"end":{"line":14,"column":63}},"7":{"start":{"line":15,"column":36},"end":{"line":15,"column":51}},"8":{"start":{"line":16,"column":42},"end":{"line":16,"column":57}},"9":{"start":{"line":17,"column":34},"end":{"line":17,"column":46}},"10":{"start":{"line":18,"column":38},"end":{"line":18,"column":53}},"11":{"start":{"line":19,"column":32},"end":{"line":19,"column":46}},"12":{"start":{"line":20,"column":48},"end":{"line":20,"column":63}},"13":{"start":{"line":22,"column":2},"end":{"line":24,"column":14}},"14":{"start":{"line":23,"column":4},"end":{"line":23,"column":19}},"15":{"start":{"line":26,"column":23},"end":{"line":60,"column":3}},"16":{"start":{"line":27,"column":4},"end":{"line":59,"column":5}},"17":{"start":{"line":28,"column":6},"end":{"line":28,"column":23}},"18":{"start":{"line":29,"column":23},"end":{"line":29,"column":70}},"19":{"start":{"line":30,"column":6},"end":{"line":30,"column":33}},"20":{"start":{"line":33,"column":6},"end":{"line":45,"column":7}},"21":{"start":{"line":34,"column":8},"end":{"line":44,"column":9}},"22":{"start":{"line":35,"column":35},"end":{"line":35,"column":97}},"23":{"start":{"line":36,"column":10},"end":{"line":36,"column":45}},"24":{"start":{"line":39,"column":10},"end":{"line":41,"column":11}},"25":{"start":{"line":40,"column":12},"end":{"line":40,"column":37}},"26":{"start":{"line":43,"column":10},"end":{"line":43,"column":66}},"27":{"start":{"line":48,"column":6},"end":{"line":52,"column":7}},"28":{"start":{"line":49,"column":8},"end":{"line":49,"column":30}},"29":{"start":{"line":51,"column":8},"end":{"line":51,"column":28}},"30":{"start":{"line":54,"column":6},"end":{"line":54,"column":54}},"31":{"start":{"line":55,"column":6},"end":{"line":55,"column":45}},"32":{"start":{"line":56,"column":6},"end":{"line":56,"column":20}},"33":{"start":{"line":58,"column":6},"end":{"line":58,"column":24}},"34":{"start":{"line":62,"column":31},"end":{"line":76,"column":3}},"35":{"start":{"line":63,"column":4},"end":{"line":75,"column":5}},"36":{"start":{"line":64,"column":23},"end":{"line":66,"column":8}},"37":{"start":{"line":68,"column":6},"end":{"line":72,"column":7}},"38":{"start":{"line":69,"column":8},"end":{"line":69,"column":28}},"39":{"start":{"line":70,"column":8},"end":{"line":70,"column":31}},"40":{"start":{"line":71,"column":8},"end":{"line":71,"column":44}},"41":{"start":{"line":74,"column":6},"end":{"line":74,"column":40}},"42":{"start":{"line":78,"column":25},"end":{"line":82,"column":3}},"43":{"start":{"line":79,"column":4},"end":{"line":81,"column":5}},"44":{"start":{"line":80,"column":6},"end":{"line":80,"column":50}},"45":{"start":{"line":84,"column":29},"end":{"line":88,"column":3}},"46":{"start":{"line":85,"column":4},"end":{"line":87,"column":5}},"47":{"start":{"line":86,"column":6},"end":{"line":86,"column":50}},"48":{"start":{"line":90,"column":24},"end":{"line":103,"column":3}},"49":{"start":{"line":91,"column":4},"end":{"line":102,"column":5}},"50":{"start":{"line":92,"column":23},"end":{"line":92,"column":68}},"51":{"start":{"line":93,"column":6},"end":{"line":97,"column":9}},"52":{"start":{"line":100,"column":6},"end":{"line":100,"column":83}},"53":{"start":{"line":101,"column":6},"end":{"line":101,"column":58}},"54":{"start":{"line":105,"column":27},"end":{"line":153,"column":3}},"55":{"start":{"line":106,"column":4},"end":{"line":152,"column":5}},"56":{"start":{"line":108,"column":8},"end":{"line":114,"column":10}},"57":{"start":{"line":116,"column":8},"end":{"line":125,"column":10}},"58":{"start":{"line":127,"column":8},"end":{"line":138,"column":10}},"59":{"start":{"line":134,"column":28},"end":{"line":134,"column":46}},"60":{"start":{"line":135,"column":29},"end":{"line":135,"column":48}},"61":{"start":{"line":140,"column":8},"end":{"line":149,"column":10}},"62":{"start":{"line":151,"column":8},"end":{"line":151,"column":20}},"63":{"start":{"line":155,"column":2},"end":{"line":164,"column":3}},"64":{"start":{"line":156,"column":4},"end":{"line":163,"column":6}},"65":{"start":{"line":167,"column":2},"end":{"line":175,"column":3}},"66":{"start":{"line":168,"column":4},"end":{"line":174,"column":6}},"67":{"start":{"line":172,"column":26},"end":{"line":172,"column":51}},"68":{"start":{"line":177,"column":2},"end":{"line":192,"column":3}},"69":{"start":{"line":178,"column":4},"end":{"line":191,"column":6}},"70":{"start":{"line":184,"column":27},"end":{"line":184,"column":40}},"71":{"start":{"line":194,"column":2},"end":{"line":223,"column":3}},"72":{"start":{"line":195,"column":4},"end":{"line":222,"column":6}},"73":{"start":{"line":209,"column":31},"end":{"line":209,"column":58}},"74":{"start":{"line":211,"column":33},"end":{"line":211,"column":76}},"75":{"start":{"line":225,"column":21},"end":{"line":225,"column":60}},"76":{"start":{"line":227,"column":2},"end":{"line":325,"column":4}},"77":{"start":{"line":233,"column":27},"end":{"line":233,"column":40}},"78":{"start":{"line":298,"column":16},"end":{"line":306,"column":18}},"79":{"start":{"line":300,"column":33},"end":{"line":300,"column":60}}},"fnMap":{"0":{"name":"(anonymous_0)","decl":{"start":{"line":8,"column":21},"end":{"line":8,"column":22}},"loc":{"start":{"line":8,"column":27},"end":{"line":326,"column":1}},"line":8},"1":{"name":"(anonymous_1)","decl":{"start":{"line":22,"column":12},"end":{"line":22,"column":13}},"loc":{"start":{"line":22,"column":18},"end":{"line":24,"column":3}},"line":22},"2":{"name":"(anonymous_2)","decl":{"start":{"line":26,"column":23},"end":{"line":26,"column":24}},"loc":{"start":{"line":26,"column":35},"end":{"line":60,"column":3}},"line":26},"3":{"name":"(anonymous_3)","decl":{"start":{"line":62,"column":31},"end":{"line":62,"column":32}},"loc":{"start":{"line":62,"column":43},"end":{"line":76,"column":3}},"line":62},"4":{"name":"(anonymous_4)","decl":{"start":{"line":78,"column":25},"end":{"line":78,"column":26}},"loc":{"start":{"line":78,"column":31},"end":{"line":82,"column":3}},"line":78},"5":{"name":"(anonymous_5)","decl":{"start":{"line":84,"column":29},"end":{"line":84,"column":30}},"loc":{"start":{"line":84,"column":35},"end":{"line":88,"column":3}},"line":84},"6":{"name":"(anonymous_6)","decl":{"start":{"line":90,"column":24},"end":{"line":90,"column":25}},"loc":{"start":{"line":90,"column":36},"end":{"line":103,"column":3}},"line":90},"7":{"name":"(anonymous_7)","decl":{"start":{"line":105,"column":27},"end":{"line":105,"column":28}},"loc":{"start":{"line":105,"column":43},"end":{"line":153,"column":3}},"line":105},"8":{"name":"(anonymous_8)","decl":{"start":{"line":134,"column":22},"end":{"line":134,"column":23}},"loc":{"start":{"line":134,"column":28},"end":{"line":134,"column":46}},"line":134},"9":{"name":"(anonymous_9)","decl":{"start":{"line":135,"column":23},"end":{"line":135,"column":24}},"loc":{"start":{"line":135,"column":29},"end":{"line":135,"column":48}},"line":135},"10":{"name":"(anonymous_10)","decl":{"start":{"line":172,"column":20},"end":{"line":172,"column":21}},"loc":{"start":{"line":172,"column":26},"end":{"line":172,"column":51}},"line":172},"11":{"name":"(anonymous_11)","decl":{"start":{"line":184,"column":21},"end":{"line":184,"column":22}},"loc":{"start":{"line":184,"column":27},"end":{"line":184,"column":40}},"line":184},"12":{"name":"(anonymous_12)","decl":{"start":{"line":209,"column":24},"end":{"line":209,"column":25}},"loc":{"start":{"line":209,"column":31},"end":{"line":209,"column":58}},"line":209},"13":{"name":"(anonymous_13)","decl":{"start":{"line":211,"column":26},"end":{"line":211,"column":27}},"loc":{"start":{"line":211,"column":33},"end":{"line":211,"column":76}},"line":211},"14":{"name":"(anonymous_14)","decl":{"start":{"line":233,"column":21},"end":{"line":233,"column":22}},"loc":{"start":{"line":233,"column":27},"end":{"line":233,"column":40}},"line":233},"15":{"name":"(anonymous_15)","decl":{"start":{"line":297,"column":40},"end":{"line":297,"column":41}},"loc":{"start":{"line":298,"column":16},"end":{"line":306,"column":18}},"line":298},"16":{"name":"(anonymous_16)","decl":{"start":{"line":300,"column":27},"end":{"line":300,"column":28}},"loc":{"start":{"line":300,"column":33},"end":{"line":300,"column":60}},"line":300}},"branchMap":{"0":{"loc":{"start":{"line":33,"column":6},"end":{"line":45,"column":7}},"type":"if","locations":[{"start":{"line":33,"column":6},"end":{"line":45,"column":7}},{"start":{},"end":{}}],"line":33},"1":{"loc":{"start":{"line":39,"column":10},"end":{"line":41,"column":11}},"type":"if","locations":[{"start":{"line":39,"column":10},"end":{"line":41,"column":11}},{"start":{},"end":{}}],"line":39},"2":{"loc":{"start":{"line":48,"column":6},"end":{"line":52,"column":7}},"type":"if","locations":[{"start":{"line":48,"column":6},"end":{"line":52,"column":7}},{"start":{"line":50,"column":13},"end":{"line":52,"column":7}}],"line":48},"3":{"loc":{"start":{"line":48,"column":10},"end":{"line":48,"column":47}},"type":"binary-expr","locations":[{"start":{"line":48,"column":10},"end":{"line":48,"column":32}},{"start":{"line":48,"column":36},"end":{"line":48,"column":47}}],"line":48},"4":{"loc":{"start":{"line":68,"column":6},"end":{"line":72,"column":7}},"type":"if","locations":[{"start":{"line":68,"column":6},"end":{"line":72,"column":7}},{"start":{},"end":{}}],"line":68},"5":{"loc":{"start":{"line":79,"column":4},"end":{"line":81,"column":5}},"type":"if","locations":[{"start":{"line":79,"column":4},"end":{"line":81,"column":5}},{"start":{},"end":{}}],"line":79},"6":{"loc":{"start":{"line":85,"column":4},"end":{"line":87,"column":5}},"type":"if","locations":[{"start":{"line":85,"column":4},"end":{"line":87,"column":5}},{"start":{},"end":{}}],"line":85},"7":{"loc":{"start":{"line":106,"column":4},"end":{"line":152,"column":5}},"type":"switch","locations":[{"start":{"line":107,"column":6},"end":{"line":114,"column":10}},{"start":{"line":115,"column":6},"end":{"line":125,"column":10}},{"start":{"line":126,"column":6},"end":{"line":138,"column":10}},{"start":{"line":139,"column":6},"end":{"line":149,"column":10}},{"start":{"line":150,"column":6},"end":{"line":151,"column":20}}],"line":106},"8":{"loc":{"start":{"line":155,"column":2},"end":{"line":164,"column":3}},"type":"if","locations":[{"start":{"line":155,"column":2},"end":{"line":164,"column":3}},{"start":{},"end":{}}],"line":155},"9":{"loc":{"start":{"line":167,"column":2},"end":{"line":175,"column":3}},"type":"if","locations":[{"start":{"line":167,"column":2},"end":{"line":175,"column":3}},{"start":{},"end":{}}],"line":167},"10":{"loc":{"start":{"line":167,"column":6},"end":{"line":167,"column":47}},"type":"binary-expr","locations":[{"start":{"line":167,"column":6},"end":{"line":167,"column":21}},{"start":{"line":167,"column":25},"end":{"line":167,"column":33}},{"start":{"line":167,"column":37},"end":{"line":167,"column":47}}],"line":167},"11":{"loc":{"start":{"line":177,"column":2},"end":{"line":192,"column":3}},"type":"if","locations":[{"start":{"line":177,"column":2},"end":{"line":192,"column":3}},{"start":{},"end":{}}],"line":177},"12":{"loc":{"start":{"line":194,"column":2},"end":{"line":223,"column":3}},"type":"if","locations":[{"start":{"line":194,"column":2},"end":{"line":223,"column":3}},{"start":{},"end":{}}],"line":194},"13":{"loc":{"start":{"line":194,"column":6},"end":{"line":194,"column":38}},"type":"binary-expr","locations":[{"start":{"line":194,"column":6},"end":{"line":194,"column":17}},{"start":{"line":194,"column":21},"end":{"line":194,"column":38}}],"line":194},"14":{"loc":{"start":{"line":211,"column":33},"end":{"line":211,"column":76}},"type":"binary-expr","locations":[{"start":{"line":211,"column":33},"end":{"line":211,"column":50}},{"start":{"line":211,"column":54},"end":{"line":211,"column":76}}],"line":211},"15":{"loc":{"start":{"line":288,"column":16},"end":{"line":290,"column":55}},"type":"cond-expr","locations":[{"start":{"line":289,"column":20},"end":{"line":289,"column":54}},{"start":{"line":290,"column":20},"end":{"line":290,"column":55}}],"line":288},"16":{"loc":{"start":{"line":302,"column":20},"end":{"line":304,"column":55}},"type":"cond-expr","locations":[{"start":{"line":303,"column":24},"end":{"line":303,"column":37}},{"start":{"line":304,"column":24},"end":{"line":304,"column":55}}],"line":302},"17":{"loc":{"start":{"line":314,"column":16},"end":{"line":316,"column":55}},"type":"cond-expr","locations":[{"start":{"line":315,"column":20},"end":{"line":315,"column":54}},{"start":{"line":316,"column":20},"end":{"line":316,"column":55}}],"line":314}},"s":{"0":0,"1":0,"2":0,"3":0,"4":0,"5":0,"6":0,"7":0,"8":0,"9":0,"10":0,"11":0,"12":0,"13":0,"14":0,"15":0,"16":0,"17":0,"18":0,"19":0,"20":0,"21":0,"22":0,"23":0,"24":0,"25":0,"26":0,"27":0,"28":0,"29":0,"30":0,"31":0,"32":0,"33":0,"34":0,"35":0,"36":0,"37":0,"38":0,"39":0,"40":0,"41":0,"42":0,"43":0,"44":0,"45":0,"46":0,"47":0,"48":0,"49":0,"50":0,"51":0,"52":0,"53":0,"54":0,"55":0,"56":0,"57":0,"58":0,"59":0,"60":0,"61":0,"62":0,"63":0,"64":0,"65":0,"66":0,"67":0,"68":0,"69":0,"70":0,"71":0,"72":0,"73":0,"74":0,"75":0,"76":0,"77":0,"78":0,"79":0},"f":{"0":0,"1":0,"2":0,"3":0,"4":0,"5":0,"6":0,"7":0,"8":0,"9":0,"10":0,"11":0,"12":0,"13":0,"14":0,"15":0,"16":0},"b":{"0":[0,0],"1":[0,0],"2":[0,0],"3":[0,0],"4":[0,0],"5":[0,0],"6":[0,0],"7":[0,0,0,0,0],"8":[0,0],"9":[0,0],"10":[0,0,0],"11":[0,0],"12":[0,0],"13":[0,0],"14":[0,0],"15":[0,0],"16":[0,0],"17":[0,0]}}
,"A:\\Surprise Gifting Platform\\Surprise Gifting Platform\\client\\src\\pages\\auth\\Login.js": {"path":"A:\\Surprise Gifting Platform\\Surprise Gifting Platform\\client\\src\\pages\\auth\\Login.js","statementMap":{"0":{"start":{"line":6,"column":14},"end":{"line":113,"column":1}},"1":{"start":{"line":7,"column":19},"end":{"line":7,"column":32}},"2":{"start":{"line":8,"column":20},"end":{"line":8,"column":29}},"3":{"start":{"line":9,"column":34},"end":{"line":12,"column":4}},"4":{"start":{"line":13,"column":32},"end":{"line":13,"column":47}},"5":{"start":{"line":15,"column":23},"end":{"line":29,"column":3}},"6":{"start":{"line":16,"column":4},"end":{"line":16,"column":23}},"7":{"start":{"line":17,"column":4},"end":{"line":17,"column":21}},"8":{"start":{"line":19,"column":4},"end":{"line":28,"column":5}},"9":{"start":{"line":20,"column":21},"end":{"line":20,"column":67}},"10":{"start":{"line":21,"column":6},"end":{"line":23,"column":7}},"11":{"start":{"line":22,"column":8},"end":{"line":22,"column":31}},"12":{"start":{"line":25,"column":6},"end":{"line":25,"column":43}},"13":{"start":{"line":27,"column":6},"end":{"line":27,"column":24}},"14":{"start":{"line":31,"column":23},"end":{"line":37,"column":3}},"15":{"start":{"line":32,"column":28},"end":{"line":32,"column":36}},"16":{"start":{"line":33,"column":4},"end":{"line":36,"column":8}},"17":{"start":{"line":33,"column":25},"end":{"line":36,"column":5}},"18":{"start":{"line":39,"column":2},"end":{"line":112,"column":4}}},"fnMap":{"0":{"name":"(anonymous_0)","decl":{"start":{"line":6,"column":14},"end":{"line":6,"column":15}},"loc":{"start":{"line":6,"column":20},"end":{"line":113,"column":1}},"line":6},"1":{"name":"(anonymous_1)","decl":{"start":{"line":15,"column":23},"end":{"line":15,"column":24}},"loc":{"start":{"line":15,"column":36},"end":{"line":29,"column":3}},"line":15},"2":{"name":"(anonymous_2)","decl":{"start":{"line":31,"column":23},"end":{"line":31,"column":24}},"loc":{"start":{"line":31,"column":30},"end":{"line":37,"column":3}},"line":31},"3":{"name":"(anonymous_3)","decl":{"start":{"line":33,"column":16},"end":{"line":33,"column":17}},"loc":{"start":{"line":33,"column":25},"end":{"line":36,"column":5}},"line":33}},"branchMap":{"0":{"loc":{"start":{"line":21,"column":6},"end":{"line":23,"column":7}},"type":"if","locations":[{"start":{"line":21,"column":6},"end":{"line":23,"column":7}},{"start":{},"end":{}}],"line":21},"1":{"loc":{"start":{"line":97,"column":15},"end":{"line":97,"column":52}},"type":"cond-expr","locations":[{"start":{"line":97,"column":25},"end":{"line":97,"column":40}},{"start":{"line":97,"column":43},"end":{"line":97,"column":52}}],"line":97}},"s":{"0":0,"1":0,"2":0,"3":0,"4":0,"5":0,"6":0,"7":0,"8":0,"9":0,"10":0,"11":0,"12":0,"13":0,"14":0,"15":0,"16":0,"17":0,"18":0},"f":{"0":0,"1":0,"2":0,"3":0},"b":{"0":[0,0],"1":[0,0]}}
,"A:\\Surprise Gifting Platform\\Surprise Gifting Platform\\client\\src\\pages\\auth\\Register.js": {"path":"A:\\Surprise Gifting Platform\\Surprise Gifting Platform\\client\\src\\pages\\auth\\Register.js","statementMap":{"0":{"start":{"line":6,"column":17},"end":{"line":145,"column":1}},"1":{"start":{"line":7,"column":19},"end":{"line":7,"column":32}},"2":{"start":{"line":8,"column":23},"end":{"line":8,"column":32}},"3":{"start":{"line":9,"column":34},"end":{"line":14,"column":4}},"4":{"start":{"line":15,"column":32},"end":{"line":15,"column":47}},"5":{"start":{"line":17,"column":23},"end":{"line":41,"column":3}},"6":{"start":{"line":18,"column":4},"end":{"line":18,"column":23}},"7":{"start":{"line":19,"column":4},"end":{"line":19,"column":21}},"8":{"start":{"line":21,"column":4},"end":{"line":25,"column":5}},"9":{"start":{"line":22,"column":6},"end":{"line":22,"column":44}},"10":{"start":{"line":23,"column":6},"end":{"line":23,"column":24}},"11":{"start":{"line":24,"column":6},"end":{"line":24,"column":13}},"12":{"start":{"line":27,"column":4},"end":{"line":40,"column":5}},"13":{"start":{"line":28,"column":21},"end":{"line":32,"column":8}},"14":{"start":{"line":33,"column":6},"end":{"line":35,"column":7}},"15":{"start":{"line":34,"column":8},"end":{"line":34,"column":31}},"16":{"start":{"line":37,"column":6},"end":{"line":37,"column":50}},"17":{"start":{"line":39,"column":6},"end":{"line":39,"column":24}},"18":{"start":{"line":43,"column":23},"end":{"line":49,"column":3}},"19":{"start":{"line":44,"column":28},"end":{"line":44,"column":36}},"20":{"start":{"line":45,"column":4},"end":{"line":48,"column":8}},"21":{"start":{"line":45,"column":25},"end":{"line":48,"column":5}},"22":{"start":{"line":51,"column":2},"end":{"line":144,"column":4}}},"fnMap":{"0":{"name":"(anonymous_0)","decl":{"start":{"line":6,"column":17},"end":{"line":6,"column":18}},"loc":{"start":{"line":6,"column":23},"end":{"line":145,"column":1}},"line":6},"1":{"name":"(anonymous_1)","decl":{"start":{"line":17,"column":23},"end":{"line":17,"column":24}},"loc":{"start":{"line":17,"column":36},"end":{"line":41,"column":3}},"line":17},"2":{"name":"(anonymous_2)","decl":{"start":{"line":43,"column":23},"end":{"line":43,"column":24}},"loc":{"start":{"line":43,"column":30},"end":{"line":49,"column":3}},"line":43},"3":{"name":"(anonymous_3)","decl":{"start":{"line":45,"column":16},"end":{"line":45,"column":17}},"loc":{"start":{"line":45,"column":25},"end":{"line":48,"column":5}},"line":45}},"branchMap":{"0":{"loc":{"start":{"line":21,"column":4},"end":{"line":25,"column":5}},"type":"if","locations":[{"start":{"line":21,"column":4},"end":{"line":25,"column":5}},{"start":{},"end":{}}],"line":21},"1":{"loc":{"start":{"line":33,"column":6},"end":{"line":35,"column":7}},"type":"if","locations":[{"start":{"line":33,"column":6},"end":{"line":35,"column":7}},{"start":{},"end":{}}],"line":33},"2":{"loc":{"start":{"line":129,"column":15},"end":{"line":129,"column":65}},"type":"cond-expr","locations":[{"start":{"line":129,"column":25},"end":{"line":129,"column":46}},{"start":{"line":129,"column":49},"end":{"line":129,"column":65}}],"line":129}},"s":{"0":0,"1":0,"2":0,"3":0,"4":0,"5":0,"6":0,"7":0,"8":0,"9":0,"10":0,"11":0,"12":0,"13":0,"14":0,"15":0,"16":0,"17":0,"18":0,"19":0,"20":0,"21":0,"22":0},"f":{"0":0,"1":0,"2":0,"3":0},"b":{"0":[0,0],"1":[0,0],"2":[0,0]}}
}
