TN:
SF:src\App.js
FN:28,(anonymous_0)
FN:38,App
FNF:2
FNH:0
FNDA:0,(anonymous_0)
FNDA:0,App
DA:28,0
DA:29,0
DA:31,0
DA:32,0
DA:35,0
DA:39,0
LF:6
LH:0
BRDA:31,0,0,0
BRDA:31,0,1,0
BRDA:35,1,0,0
BRDA:35,1,1,0
BRF:4
BRH:0
end_of_record
TN:
SF:src\index.js
FNF:0
FNH:0
DA:13,0
DA:14,0
LF:2
LH:0
BRF:0
BRH:0
end_of_record
TN:
SF:src\templateRegistry.js
FNF:0
FNH:0
LF:0
LH:0
BRF:0
BRH:0
end_of_record
TN:
SF:src\components\custom\MyConfettiScene.js
FN:3,(anonymous_0)
FNF:1
FNH:0
FNDA:0,(anonymous_0)
DA:3,0
DA:4,0
LF:2
LH:0
BRDA:7,0,0,0
BRDA:7,0,1,0
BRDA:15,1,0,0
BRDA:15,1,1,0
BRF:4
BRH:0
end_of_record
TN:
SF:src\components\custom\registerAction.js
FNF:0
FNH:0
LF:0
LH:0
BRF:0
BRH:0
end_of_record
TN:
SF:src\components\custom\registerEffect.js
FNF:0
FNH:0
LF:0
LH:0
BRF:0
BRH:0
end_of_record
TN:
SF:src\components\custom\registerScene.js
FNF:0
FNH:0
LF:0
LH:0
BRF:0
BRH:0
end_of_record
TN:
SF:src\components\layout\Footer.js
FN:4,(anonymous_0)
FNF:1
FNH:1
FNDA:4,(anonymous_0)
DA:4,1
DA:5,4
LF:2
LH:2
BRF:0
BRH:0
end_of_record
TN:
SF:src\components\layout\Navbar.js
FN:5,(anonymous_0)
FN:9,(anonymous_1)
FNF:2
FNH:1
FNDA:8,(anonymous_0)
FNDA:0,(anonymous_1)
DA:5,1
DA:6,8
DA:7,8
DA:9,8
DA:10,0
DA:11,0
DA:14,8
LF:7
LH:5
BRDA:32,0,0,8
BRDA:32,0,1,0
BRDA:46,1,0,0
BRDA:46,1,1,8
BRF:4
BRH:2
end_of_record
TN:
SF:src\components\templates\InteractiveTemplate.js
FN:10,registerScene
FN:14,registerEffect
FN:19,DynamicStep
FN:24,(anonymous_3)
FN:28,(anonymous_4)
FN:33,(anonymous_5)
FN:35,(anonymous_6)
FN:39,(anonymous_7)
FN:44,(anonymous_8)
FN:52,(anonymous_9)
FN:57,(anonymous_10)
FN:68,(anonymous_11)
FN:72,(anonymous_12)
FN:118,(anonymous_13)
FN:120,(anonymous_14)
FN:122,(anonymous_15)
FN:123,(anonymous_16)
FNF:17
FNH:11
FNDA:0,registerScene
FNDA:0,registerEffect
FNDA:3,DynamicStep
FNDA:2,(anonymous_3)
FNDA:0,(anonymous_4)
FNDA:3,(anonymous_5)
FNDA:0,(anonymous_6)
FNDA:1,(anonymous_7)
FNDA:1,(anonymous_8)
FNDA:2,(anonymous_9)
FNDA:0,(anonymous_10)
FNDA:2,(anonymous_11)
FNDA:0,(anonymous_12)
FNDA:2,(anonymous_13)
FNDA:1,(anonymous_14)
FNDA:1,(anonymous_15)
FNDA:1,(anonymous_16)
DA:6,2
DA:7,2
DA:11,0
DA:15,0
DA:19,2
DA:20,3
DA:21,3
DA:24,3
DA:25,2
DA:26,0
DA:27,0
DA:28,0
DA:33,3
DA:34,3
DA:35,1
DA:36,0
DA:37,0
DA:39,1
DA:44,3
DA:45,1
DA:46,1
DA:47,1
DA:52,3
DA:53,2
DA:54,0
DA:58,0
DA:68,3
DA:69,2
DA:70,0
DA:73,0
DA:74,0
DA:85,3
DA:87,3
DA:118,2
DA:119,2
DA:120,2
DA:122,2
DA:123,1
DA:124,1
DA:125,0
DA:129,2
DA:131,2
LF:42
LH:29
BRDA:25,0,0,0
BRDA:25,0,1,2
BRDA:25,1,0,2
BRDA:25,1,1,0
BRDA:34,2,0,1
BRDA:34,2,1,2
BRDA:34,3,0,3
BRDA:34,3,1,1
BRDA:34,3,2,1
BRDA:37,4,0,0
BRDA:37,4,1,0
BRDA:45,5,0,1
BRDA:45,5,1,0
BRDA:47,6,0,1
BRDA:47,6,1,1
BRDA:53,7,0,2
BRDA:53,7,1,0
BRDA:56,8,0,0
BRDA:56,8,1,0
BRDA:59,9,0,0
BRDA:59,9,1,0
BRDA:69,10,0,2
BRDA:69,10,1,0
BRDA:74,11,0,0
BRDA:74,11,1,0
BRDA:85,12,0,3
BRDA:85,12,1,3
BRDA:96,13,0,3
BRDA:96,13,1,0
BRDA:97,14,0,3
BRDA:97,14,1,3
BRDA:97,14,2,0
BRDA:98,15,0,3
BRDA:98,15,1,3
BRDA:99,16,0,0
BRDA:99,16,1,3
BRDA:102,17,0,3
BRDA:102,17,1,3
BRDA:102,17,2,1
BRDA:102,17,3,2
BRDA:102,17,4,1
BRDA:107,18,0,1
BRDA:107,18,1,0
BRDA:107,19,0,0
BRDA:107,19,1,0
BRDA:112,20,0,3
BRDA:112,20,1,1
BRDA:120,21,0,1
BRDA:120,21,1,0
BRDA:123,22,0,1
BRDA:123,22,1,0
BRDA:124,23,0,0
BRDA:124,23,1,1
BRDA:124,24,0,1
BRDA:124,24,1,0
BRDA:129,25,0,0
BRDA:129,25,1,2
BRF:57
BRH:33
end_of_record
TN:
SF:src\components\templates\TemplateSelector.js
FN:5,(anonymous_0)
FN:10,(anonymous_1)
FN:14,(anonymous_2)
FN:133,(anonymous_3)
FN:139,(anonymous_4)
FN:177,(anonymous_5)
FN:180,(anonymous_6)
FN:196,(anonymous_7)
FN:201,(anonymous_8)
FNF:9
FNH:3
FNDA:1,(anonymous_0)
FNDA:1,(anonymous_1)
FNDA:1,(anonymous_2)
FNDA:0,(anonymous_3)
FNDA:0,(anonymous_4)
FNDA:0,(anonymous_5)
FNDA:0,(anonymous_6)
FNDA:0,(anonymous_7)
FNDA:0,(anonymous_8)
DA:5,1
DA:6,1
DA:7,1
DA:8,1
DA:10,1
DA:11,1
DA:14,1
DA:15,1
DA:16,1
DA:17,0
DA:18,0
DA:20,0
DA:22,0
DA:119,0
DA:123,1
DA:133,1
DA:134,0
DA:135,0
DA:136,0
DA:139,1
DA:140,0
DA:143,1
DA:144,1
DA:151,0
DA:178,0
DA:180,0
DA:197,0
DA:201,0
LF:28
LH:14
BRDA:18,0,0,0
BRDA:18,0,1,0
BRDA:134,1,0,0
BRDA:134,1,1,0
BRDA:135,2,0,0
BRDA:135,2,1,0
BRDA:143,3,0,1
BRDA:143,3,1,0
BRDA:164,4,0,0
BRDA:164,4,1,0
BRDA:182,5,0,0
BRDA:182,5,1,0
BRDA:205,6,0,0
BRDA:205,6,1,0
BRDA:215,7,0,0
BRDA:215,7,1,0
BRDA:216,8,0,0
BRDA:216,8,1,0
BRDA:217,9,0,0
BRDA:217,9,1,0
BRDA:218,10,0,0
BRDA:218,10,1,0
BRDA:219,11,0,0
BRDA:219,11,1,0
BRDA:232,12,0,0
BRDA:232,12,1,0
BRDA:252,13,0,0
BRDA:252,13,1,0
BRDA:262,14,0,0
BRDA:262,14,1,0
BRDA:271,15,0,0
BRDA:271,15,1,0
BRDA:279,16,0,0
BRDA:279,16,1,0
BRF:34
BRH:1
end_of_record
TN:
SF:src\components\ui\LoadingSpinner.js
FN:3,(anonymous_0)
FNF:1
FNH:1
FNDA:1,(anonymous_0)
DA:3,1
DA:4,1
LF:2
LH:2
BRF:0
BRH:0
end_of_record
TN:
SF:src\contexts\AnimationContext.js
FN:5,(anonymous_0)
FN:13,(anonymous_1)
FN:22,(anonymous_2)
FN:26,(anonymous_3)
FN:55,(anonymous_4)
FN:56,(anonymous_5)
FN:59,(anonymous_6)
FN:60,(anonymous_7)
FN:63,(anonymous_8)
FN:64,(anonymous_9)
FN:67,(anonymous_10)
FNF:11
FNH:0
FNDA:0,(anonymous_0)
FNDA:0,(anonymous_1)
FNDA:0,(anonymous_2)
FNDA:0,(anonymous_3)
FNDA:0,(anonymous_4)
FNDA:0,(anonymous_5)
FNDA:0,(anonymous_6)
FNDA:0,(anonymous_7)
FNDA:0,(anonymous_8)
FNDA:0,(anonymous_9)
FNDA:0,(anonymous_10)
DA:3,0
DA:5,0
DA:6,0
DA:7,0
DA:8,0
DA:10,0
DA:13,0
DA:14,0
DA:19,0
DA:20,0
DA:22,0
DA:23,0
DA:26,0
DA:27,0
DA:28,0
DA:31,0
DA:32,0
DA:35,0
DA:36,0
DA:39,0
DA:40,0
DA:42,0
DA:48,0
DA:49,0
DA:51,0
DA:55,0
DA:56,0
DA:59,0
DA:60,0
DA:63,0
DA:64,0
DA:67,0
DA:68,0
DA:71,0
DA:81,0
LF:35
LH:0
BRDA:7,0,0,0
BRDA:7,0,1,0
BRDA:43,1,0,0
BRDA:43,1,1,0
BRDA:44,2,0,0
BRDA:44,2,1,0
BRDA:45,3,0,0
BRDA:45,3,1,0
BRF:8
BRH:0
end_of_record
TN:
SF:src\contexts\AuthContext.js
FN:26,(anonymous_0)
FN:74,(anonymous_1)
FN:78,(anonymous_2)
FN:87,(anonymous_3)
FN:88,(anonymous_4)
FN:113,(anonymous_5)
FN:141,(anonymous_6)
FN:166,(anonymous_7)
FN:173,(anonymous_8)
FN:190,(anonymous_9)
FN:206,(anonymous_10)
FN:219,(anonymous_11)
FN:235,(anonymous_12)
FN:273,(anonymous_13)
FNF:14
FNH:6
FNDA:4,(anonymous_0)
FNDA:8,(anonymous_1)
FNDA:4,(anonymous_2)
FNDA:4,(anonymous_3)
FNDA:4,(anonymous_4)
FNDA:0,(anonymous_5)
FNDA:0,(anonymous_6)
FNDA:0,(anonymous_7)
FNDA:0,(anonymous_8)
FNDA:0,(anonymous_9)
FNDA:0,(anonymous_10)
FNDA:0,(anonymous_11)
FNDA:0,(anonymous_12)
FNDA:8,(anonymous_13)
DA:6,1
DA:9,1
DA:17,1
DA:26,1
DA:27,4
DA:29,4
DA:35,0
DA:44,0
DA:51,0
DA:60,0
DA:66,0
DA:71,1
DA:74,1
DA:75,8
DA:78,8
DA:79,4
DA:80,0
DA:82,4
DA:87,8
DA:88,4
DA:89,4
DA:90,0
DA:91,0
DA:92,0
DA:100,0
DA:101,0
DA:102,0
DA:105,4
DA:109,4
DA:113,8
DA:114,0
DA:115,0
DA:117,0
DA:122,0
DA:124,0
DA:125,0
DA:130,0
DA:131,0
DA:133,0
DA:134,0
DA:135,0
DA:136,0
DA:141,8
DA:142,0
DA:143,0
DA:145,0
DA:147,0
DA:149,0
DA:150,0
DA:155,0
DA:156,0
DA:158,0
DA:159,0
DA:160,0
DA:161,0
DA:166,8
DA:167,0
DA:168,0
DA:169,0
DA:173,8
DA:174,0
DA:175,0
DA:176,0
DA:180,0
DA:181,0
DA:183,0
DA:184,0
DA:185,0
DA:190,8
DA:191,0
DA:192,0
DA:196,0
DA:197,0
DA:199,0
DA:200,0
DA:201,0
DA:206,8
DA:207,0
DA:208,0
DA:209,0
DA:210,0
DA:212,0
DA:213,0
DA:214,0
DA:219,8
DA:220,0
DA:221,0
DA:225,0
DA:226,0
DA:228,0
DA:229,0
DA:230,0
DA:235,8
DA:236,0
DA:237,0
DA:238,0
DA:239,0
DA:244,0
DA:245,0
DA:247,0
DA:248,0
DA:249,0
DA:253,8
DA:265,8
DA:273,1
DA:274,8
DA:275,8
DA:276,0
DA:278,8
LF:109
LH:31
BRDA:6,0,0,1
BRDA:6,0,1,1
BRDA:27,1,0,4
BRDA:27,1,1,0
BRDA:27,1,2,0
BRDA:27,1,3,0
BRDA:27,1,4,0
BRDA:27,1,5,0
BRDA:79,2,0,0
BRDA:79,2,1,4
BRDA:89,3,0,0
BRDA:89,3,1,4
BRDA:133,4,0,0
BRDA:133,4,1,0
BRDA:158,5,0,0
BRDA:158,5,1,0
BRDA:183,6,0,0
BRDA:183,6,1,0
BRDA:199,7,0,0
BRDA:199,7,1,0
BRDA:212,8,0,0
BRDA:212,8,1,0
BRDA:228,9,0,0
BRDA:228,9,1,0
BRDA:238,10,0,0
BRDA:238,10,1,0
BRDA:247,11,0,0
BRDA:247,11,1,0
BRDA:275,12,0,0
BRDA:275,12,1,8
BRF:30
BRH:6
end_of_record
TN:
SF:src\pages\CreateSurprise.js
FN:7,(anonymous_0)
FN:24,(anonymous_1)
FN:26,(anonymous_2)
FN:35,(anonymous_3)
FN:40,(anonymous_4)
FN:55,(anonymous_5)
FN:57,(anonymous_6)
FN:68,(anonymous_7)
FN:226,(anonymous_8)
FNF:9
FNH:0
FNDA:0,(anonymous_0)
FNDA:0,(anonymous_1)
FNDA:0,(anonymous_2)
FNDA:0,(anonymous_3)
FNDA:0,(anonymous_4)
FNDA:0,(anonymous_5)
FNDA:0,(anonymous_6)
FNDA:0,(anonymous_7)
FNDA:0,(anonymous_8)
DA:7,0
DA:8,0
DA:9,0
DA:10,0
DA:11,0
DA:12,0
DA:22,0
DA:24,0
DA:25,0
DA:26,0
DA:32,0
DA:35,0
DA:36,0
DA:37,0
DA:40,0
DA:41,0
DA:42,0
DA:44,0
DA:46,0
DA:47,0
DA:49,0
DA:51,0
DA:55,0
DA:56,0
DA:57,0
DA:64,0
DA:65,0
DA:68,0
DA:74,0
DA:226,0
LF:30
LH:0
BRDA:59,0,0,0
BRDA:59,0,1,0
BRDA:64,1,0,0
BRDA:64,1,1,0
BRDA:91,2,0,0
BRDA:91,2,1,0
BRDA:105,3,0,0
BRDA:105,3,1,0
BRDA:113,4,0,0
BRDA:113,4,1,0
BRDA:202,5,0,0
BRDA:202,5,1,0
BRDA:236,6,0,0
BRDA:236,6,1,0
BRF:14
BRH:0
end_of_record
TN:
SF:src\pages\Dashboard.js
FN:4,(anonymous_0)
FN:12,(anonymous_1)
FN:18,(anonymous_2)
FN:98,(anonymous_3)
FNF:4
FNH:0
FNDA:0,(anonymous_0)
FNDA:0,(anonymous_1)
FNDA:0,(anonymous_2)
FNDA:0,(anonymous_3)
DA:4,0
DA:5,0
DA:6,0
DA:12,0
DA:13,0
DA:14,0
DA:18,0
DA:19,0
DA:20,0
DA:25,0
DA:26,0
DA:28,0
DA:32,0
DA:99,0
LF:14
LH:0
BRDA:13,0,0,0
BRDA:13,0,1,0
BRDA:96,1,0,0
BRDA:96,1,1,0
BRF:4
BRH:0
end_of_record
TN:
SF:src\pages\Home.js
FN:18,(anonymous_0)
FN:87,(anonymous_1)
FN:174,(anonymous_2)
FN:217,(anonymous_3)
FNF:4
FNH:0
FNDA:0,(anonymous_0)
FNDA:0,(anonymous_1)
FNDA:0,(anonymous_2)
FNDA:0,(anonymous_3)
DA:18,0
DA:19,0
DA:42,0
DA:70,0
DA:88,0
DA:175,0
DA:218,0
LF:7
LH:0
BRF:0
BRH:0
end_of_record
TN:
SF:src\pages\MySurprises.js
FN:6,(anonymous_0)
FN:12,(anonymous_1)
FN:16,(anonymous_2)
FN:45,(anonymous_3)
FN:60,(anonymous_4)
FN:68,(anonymous_5)
FN:74,(anonymous_6)
FN:80,(anonymous_7)
FNF:8
FNH:0
FNDA:0,(anonymous_0)
FNDA:0,(anonymous_1)
FNDA:0,(anonymous_2)
FNDA:0,(anonymous_3)
FNDA:0,(anonymous_4)
FNDA:0,(anonymous_5)
FNDA:0,(anonymous_6)
FNDA:0,(anonymous_7)
DA:6,0
DA:7,0
DA:8,0
DA:9,0
DA:10,0
DA:12,0
DA:13,0
DA:16,0
DA:17,0
DA:18,0
DA:20,0
DA:22,0
DA:24,0
DA:28,0
DA:29,0
DA:39,0
DA:45,0
DA:60,0
DA:69,0
DA:74,0
DA:80,0
LF:21
LH:0
BRDA:28,0,0,0
BRDA:28,0,1,0
BRDA:52,1,0,0
BRDA:52,1,1,0
BRF:4
BRH:0
end_of_record
TN:
SF:src\pages\NotFound.js
FN:4,(anonymous_0)
FNF:1
FNH:0
FNDA:0,(anonymous_0)
DA:4,0
DA:5,0
LF:2
LH:0
BRF:0
BRH:0
end_of_record
TN:
SF:src\pages\Profile.js
FN:5,(anonymous_0)
FN:20,(anonymous_1)
FN:30,(anonymous_2)
FNF:3
FNH:0
FNDA:0,(anonymous_0)
FNDA:0,(anonymous_1)
FNDA:0,(anonymous_2)
DA:5,0
DA:6,0
DA:7,0
DA:8,0
DA:10,0
DA:20,0
DA:30,0
LF:7
LH:0
BRDA:22,0,0,0
BRDA:22,0,1,0
BRDA:32,1,0,0
BRDA:32,1,1,0
BRDA:44,2,0,0
BRDA:44,2,1,0
BRF:6
BRH:0
end_of_record
TN:
SF:src\pages\Templates.js
FN:3,(anonymous_0)
FNF:1
FNH:0
FNDA:0,(anonymous_0)
DA:3,0
DA:4,0
LF:2
LH:0
BRF:0
BRH:0
end_of_record
TN:
SF:src\pages\ViewSurprise.js
FN:8,(anonymous_0)
FN:22,(anonymous_1)
FN:26,(anonymous_2)
FN:62,(anonymous_3)
FN:78,(anonymous_4)
FN:84,(anonymous_5)
FN:90,(anonymous_6)
FN:105,(anonymous_7)
FN:134,(anonymous_8)
FN:135,(anonymous_9)
FN:172,(anonymous_10)
FN:184,(anonymous_11)
FN:209,(anonymous_12)
FN:211,(anonymous_13)
FN:233,(anonymous_14)
FN:297,(anonymous_15)
FN:300,(anonymous_16)
FNF:17
FNH:0
FNDA:0,(anonymous_0)
FNDA:0,(anonymous_1)
FNDA:0,(anonymous_2)
FNDA:0,(anonymous_3)
FNDA:0,(anonymous_4)
FNDA:0,(anonymous_5)
FNDA:0,(anonymous_6)
FNDA:0,(anonymous_7)
FNDA:0,(anonymous_8)
FNDA:0,(anonymous_9)
FNDA:0,(anonymous_10)
FNDA:0,(anonymous_11)
FNDA:0,(anonymous_12)
FNDA:0,(anonymous_13)
FNDA:0,(anonymous_14)
FNDA:0,(anonymous_15)
FNDA:0,(anonymous_16)
DA:8,0
DA:9,0
DA:10,0
DA:11,0
DA:12,0
DA:13,0
DA:14,0
DA:15,0
DA:16,0
DA:17,0
DA:18,0
DA:19,0
DA:20,0
DA:22,0
DA:23,0
DA:26,0
DA:27,0
DA:28,0
DA:29,0
DA:30,0
DA:33,0
DA:34,0
DA:35,0
DA:36,0
DA:39,0
DA:40,0
DA:43,0
DA:48,0
DA:49,0
DA:51,0
DA:54,0
DA:55,0
DA:56,0
DA:58,0
DA:62,0
DA:63,0
DA:64,0
DA:68,0
DA:69,0
DA:70,0
DA:71,0
DA:74,0
DA:78,0
DA:79,0
DA:80,0
DA:84,0
DA:85,0
DA:86,0
DA:90,0
DA:91,0
DA:92,0
DA:93,0
DA:100,0
DA:101,0
DA:105,0
DA:106,0
DA:108,0
DA:116,0
DA:127,0
DA:134,0
DA:135,0
DA:140,0
DA:151,0
DA:155,0
DA:156,0
DA:167,0
DA:168,0
DA:172,0
DA:177,0
DA:178,0
DA:184,0
DA:194,0
DA:195,0
DA:209,0
DA:211,0
DA:225,0
DA:227,0
DA:233,0
DA:298,0
DA:300,0
LF:80
LH:0
BRDA:33,0,0,0
BRDA:33,0,1,0
BRDA:39,1,0,0
BRDA:39,1,1,0
BRDA:48,2,0,0
BRDA:48,2,1,0
BRDA:48,3,0,0
BRDA:48,3,1,0
BRDA:68,4,0,0
BRDA:68,4,1,0
BRDA:79,5,0,0
BRDA:79,5,1,0
BRDA:85,6,0,0
BRDA:85,6,1,0
BRDA:106,7,0,0
BRDA:106,7,1,0
BRDA:106,7,2,0
BRDA:106,7,3,0
BRDA:106,7,4,0
BRDA:155,8,0,0
BRDA:155,8,1,0
BRDA:167,9,0,0
BRDA:167,9,1,0
BRDA:167,10,0,0
BRDA:167,10,1,0
BRDA:167,10,2,0
BRDA:177,11,0,0
BRDA:177,11,1,0
BRDA:194,12,0,0
BRDA:194,12,1,0
BRDA:194,13,0,0
BRDA:194,13,1,0
BRDA:211,14,0,0
BRDA:211,14,1,0
BRDA:288,15,0,0
BRDA:288,15,1,0
BRDA:302,16,0,0
BRDA:302,16,1,0
BRDA:314,17,0,0
BRDA:314,17,1,0
BRF:40
BRH:0
end_of_record
TN:
SF:src\pages\auth\Login.js
FN:6,(anonymous_0)
FN:15,(anonymous_1)
FN:31,(anonymous_2)
FN:33,(anonymous_3)
FNF:4
FNH:0
FNDA:0,(anonymous_0)
FNDA:0,(anonymous_1)
FNDA:0,(anonymous_2)
FNDA:0,(anonymous_3)
DA:6,0
DA:7,0
DA:8,0
DA:9,0
DA:13,0
DA:15,0
DA:16,0
DA:17,0
DA:19,0
DA:20,0
DA:21,0
DA:22,0
DA:25,0
DA:27,0
DA:31,0
DA:32,0
DA:33,0
DA:39,0
LF:18
LH:0
BRDA:21,0,0,0
BRDA:21,0,1,0
BRDA:97,1,0,0
BRDA:97,1,1,0
BRF:4
BRH:0
end_of_record
TN:
SF:src\pages\auth\Register.js
FN:6,(anonymous_0)
FN:17,(anonymous_1)
FN:43,(anonymous_2)
FN:45,(anonymous_3)
FNF:4
FNH:0
FNDA:0,(anonymous_0)
FNDA:0,(anonymous_1)
FNDA:0,(anonymous_2)
FNDA:0,(anonymous_3)
DA:6,0
DA:7,0
DA:8,0
DA:9,0
DA:15,0
DA:17,0
DA:18,0
DA:19,0
DA:21,0
DA:22,0
DA:23,0
DA:24,0
DA:27,0
DA:28,0
DA:33,0
DA:34,0
DA:37,0
DA:39,0
DA:43,0
DA:44,0
DA:45,0
DA:51,0
LF:22
LH:0
BRDA:21,0,0,0
BRDA:21,0,1,0
BRDA:33,1,0,0
BRDA:33,1,1,0
BRDA:129,2,0,0
BRDA:129,2,1,0
BRF:6
BRH:0
end_of_record
